2024-04-16 20:51:56,121 - INFO - Websocket connected
2024-04-16 20:51:56,121 - INFO - WebSocket connection opened.
2024-04-16 20:51:56,122 - INFO - Subscription message sent.
2024-04-16 20:53:36,435 - ERROR - WebSocket error: Connection to remote host was lost.
2024-04-16 20:53:36,435 - ERROR - Connection to remote host was lost. - goodbye
2024-04-16 20:53:36,435 - INFO - WebSocket connection closed. Status None, Message: None. Reconnecting in 0.10 seconds...
2024-04-16 20:53:37,232 - INFO - Websocket connected
2024-04-16 20:53:37,232 - INFO - WebSocket connection opened.
2024-04-16 20:53:37,233 - INFO - Subscription message sent.
2024-04-16 20:55:17,459 - ERROR - WebSocket error: Connection to remote host was lost.
2024-04-16 20:55:17,459 - ERROR - Connection to remote host was lost. - goodbye
2024-04-16 20:55:17,459 - INFO - WebSocket connection closed. Status None, Message: None. Reconnecting in 0.10 seconds...
2024-04-16 20:55:18,241 - INFO - Websocket connected
2024-04-16 20:55:18,241 - INFO - WebSocket connection opened.
2024-04-16 20:55:18,241 - INFO - Subscription message sent.
2024-04-16 20:56:58,465 - ERROR - WebSocket error: Connection to remote host was lost.
2024-04-16 20:56:58,465 - ERROR - Connection to remote host was lost. - goodbye
2024-04-16 20:56:58,465 - INFO - WebSocket connection closed. Status None, Message: None. Reconnecting in 0.10 seconds...
2024-04-16 20:56:59,291 - INFO - Websocket connected
2024-04-16 20:56:59,292 - INFO - WebSocket connection opened.
2024-04-16 20:56:59,292 - INFO - Subscription message sent.
2024-04-16 20:58:39,516 - ERROR - WebSocket error: Connection to remote host was lost.
2024-04-16 20:58:39,516 - ERROR - Connection to remote host was lost. - goodbye
2024-04-16 20:58:39,516 - INFO - WebSocket connection closed. Status None, Message: None. Reconnecting in 0.10 seconds...
2024-04-16 20:58:40,378 - INFO - Websocket connected
2024-04-16 20:58:40,378 - INFO - WebSocket connection opened.
2024-04-16 20:58:40,379 - INFO - Subscription message sent.
2024-04-16 21:00:19,553 - ERROR - WebSocket error: Connection to remote host was lost.
2024-04-16 21:00:19,553 - ERROR - Connection to remote host was lost. - goodbye
2024-04-16 21:00:19,553 - INFO - WebSocket connection closed. Status None, Message: None. Reconnecting in 0.10 seconds...
2024-04-16 21:00:20,355 - INFO - Websocket connected
2024-04-16 21:00:20,355 - INFO - WebSocket connection opened.
2024-04-16 21:00:20,355 - INFO - Subscription message sent.
2024-04-16 21:02:00,580 - ERROR - WebSocket error: Connection to remote host was lost.
2024-04-16 21:02:00,580 - ERROR - Connection to remote host was lost. - goodbye
2024-04-16 21:02:00,580 - INFO - WebSocket connection closed. Status None, Message: None. Reconnecting in 0.10 seconds...
2024-04-16 21:02:01,373 - INFO - Websocket connected
2024-04-16 21:02:01,374 - INFO - WebSocket connection opened.
2024-04-16 21:02:01,374 - INFO - Subscription message sent.
2024-04-16 21:02:46,057 - ERROR - WebSocket error: Connection to remote host was lost.
2024-04-16 21:02:46,057 - ERROR - Connection to remote host was lost. - goodbye
2024-04-16 21:02:46,058 - INFO - WebSocket connection closed. Status None, Message: None. Reconnecting in 0.10 seconds...
2024-04-16 21:02:46,834 - INFO - Websocket connected
2024-04-16 21:02:46,835 - INFO - WebSocket connection opened.
2024-04-16 21:02:46,835 - INFO - Subscription message sent.
2024-04-16 21:04:27,061 - ERROR - WebSocket error: Connection to remote host was lost.
2024-04-16 21:04:27,061 - ERROR - Connection to remote host was lost. - goodbye
2024-04-16 21:04:27,061 - INFO - WebSocket connection closed. Status None, Message: None. Reconnecting in 0.10 seconds...
2024-04-16 21:04:27,862 - INFO - Websocket connected
2024-04-16 21:04:27,863 - INFO - WebSocket connection opened.
2024-04-16 21:04:27,863 - INFO - Subscription message sent.
2024-04-16 21:06:08,107 - ERROR - WebSocket error: Connection to remote host was lost.
2024-04-16 21:06:08,107 - ERROR - Connection to remote host was lost. - goodbye
2024-04-16 21:06:08,107 - INFO - WebSocket connection closed. Status None, Message: None. Reconnecting in 0.10 seconds...
2024-04-16 21:06:08,890 - INFO - Websocket connected
2024-04-16 21:06:08,890 - INFO - WebSocket connection opened.
2024-04-16 21:06:08,890 - INFO - Subscription message sent.
2024-04-16 21:07:49,116 - ERROR - WebSocket error: Connection to remote host was lost.
2024-04-16 21:07:49,116 - ERROR - Connection to remote host was lost. - goodbye
2024-04-16 21:07:49,116 - INFO - WebSocket connection closed. Status None, Message: None. Reconnecting in 0.10 seconds...
2024-04-16 21:07:49,933 - INFO - Websocket connected
2024-04-16 21:07:49,933 - INFO - WebSocket connection opened.
2024-04-16 21:07:49,933 - INFO - Subscription message sent.
2024-04-16 21:09:30,156 - ERROR - WebSocket error: Connection to remote host was lost.
2024-04-16 21:09:30,157 - ERROR - Connection to remote host was lost. - goodbye
2024-04-16 21:09:30,157 - INFO - WebSocket connection closed. Status None, Message: None. Reconnecting in 0.10 seconds...
2024-04-16 21:09:30,942 - INFO - Websocket connected
2024-04-16 21:09:30,942 - INFO - WebSocket connection opened.
2024-04-16 21:09:30,943 - INFO - Subscription message sent.
2024-04-16 21:11:11,174 - ERROR - WebSocket error: Connection to remote host was lost.
2024-04-16 21:11:11,175 - ERROR - Connection to remote host was lost. - goodbye
2024-04-16 21:11:11,175 - INFO - WebSocket connection closed. Status None, Message: None. Reconnecting in 0.10 seconds...
2024-04-16 21:11:11,975 - INFO - Websocket connected
2024-04-16 21:11:11,975 - INFO - WebSocket connection opened.
2024-04-16 21:11:11,975 - INFO - Subscription message sent.
2024-04-16 21:12:52,198 - ERROR - WebSocket error: Connection to remote host was lost.
2024-04-16 21:12:52,198 - ERROR - Connection to remote host was lost. - goodbye
2024-04-16 21:12:52,198 - INFO - WebSocket connection closed. Status None, Message: None. Reconnecting in 0.10 seconds...
2024-04-16 21:12:52,985 - INFO - Websocket connected
2024-04-16 21:12:52,985 - INFO - WebSocket connection opened.
2024-04-16 21:12:52,985 - INFO - Subscription message sent.
2024-04-16 21:14:33,214 - ERROR - WebSocket error: Connection to remote host was lost.
2024-04-16 21:14:33,214 - ERROR - Connection to remote host was lost. - goodbye
2024-04-16 21:14:33,214 - INFO - WebSocket connection closed. Status None, Message: None. Reconnecting in 0.10 seconds...
2024-04-16 21:14:33,991 - INFO - Websocket connected
2024-04-16 21:14:33,992 - INFO - WebSocket connection opened.
2024-04-16 21:14:33,992 - INFO - Subscription message sent.
2024-04-16 21:16:14,218 - ERROR - WebSocket error: Connection to remote host was lost.
2024-04-16 21:16:14,218 - ERROR - Connection to remote host was lost. - goodbye
2024-04-16 21:16:14,218 - INFO - WebSocket connection closed. Status None, Message: None. Reconnecting in 0.10 seconds...
2024-04-16 21:16:15,021 - INFO - Websocket connected
2024-04-16 21:16:15,021 - INFO - WebSocket connection opened.
2024-04-16 21:16:15,021 - INFO - Subscription message sent.
2024-04-16 21:17:55,296 - ERROR - WebSocket error: Connection to remote host was lost.
2024-04-16 21:17:55,296 - ERROR - Connection to remote host was lost. - goodbye
2024-04-16 21:17:55,296 - INFO - WebSocket connection closed. Status None, Message: None. Reconnecting in 0.10 seconds...
2024-04-16 21:17:56,098 - INFO - Websocket connected
2024-04-16 21:17:56,098 - INFO - WebSocket connection opened.
2024-04-16 21:17:56,098 - INFO - Subscription message sent.
2024-04-16 21:19:36,426 - ERROR - WebSocket error: Connection to remote host was lost.
2024-04-16 21:19:36,426 - ERROR - Connection to remote host was lost. - goodbye
2024-04-16 21:19:36,426 - INFO - WebSocket connection closed. Status None, Message: None. Reconnecting in 0.10 seconds...
2024-04-16 21:19:37,257 - INFO - Websocket connected
2024-04-16 21:19:37,257 - INFO - WebSocket connection opened.
2024-04-16 21:19:37,257 - INFO - Subscription message sent.
2024-04-16 21:21:17,480 - ERROR - WebSocket error: Connection to remote host was lost.
2024-04-16 21:21:17,480 - ERROR - Connection to remote host was lost. - goodbye
2024-04-16 21:21:17,480 - INFO - WebSocket connection closed. Status None, Message: None. Reconnecting in 0.10 seconds...
2024-04-16 21:21:18,402 - INFO - Websocket connected
2024-04-16 21:21:18,403 - INFO - WebSocket connection opened.
2024-04-16 21:21:18,403 - INFO - Subscription message sent.
2024-04-16 21:22:58,402 - ERROR - WebSocket error: Connection to remote host was lost.
2024-04-16 21:22:58,402 - ERROR - Connection to remote host was lost. - goodbye
2024-04-16 21:22:58,402 - INFO - WebSocket connection closed. Status None, Message: None. Reconnecting in 0.10 seconds...
2024-04-16 21:22:59,190 - INFO - Websocket connected
2024-04-16 21:22:59,190 - INFO - WebSocket connection opened.
2024-04-16 21:22:59,190 - INFO - Subscription message sent.
2024-04-16 21:24:39,414 - ERROR - WebSocket error: Connection to remote host was lost.
2024-04-16 21:24:39,414 - ERROR - Connection to remote host was lost. - goodbye
2024-04-16 21:24:39,415 - INFO - WebSocket connection closed. Status None, Message: None. Reconnecting in 0.10 seconds...
2024-04-16 21:24:40,200 - INFO - Websocket connected
2024-04-16 21:24:40,200 - INFO - WebSocket connection opened.
2024-04-16 21:24:40,201 - INFO - Subscription message sent.
2024-04-16 21:26:20,424 - ERROR - WebSocket error: Connection to remote host was lost.
2024-04-16 21:26:20,425 - ERROR - Connection to remote host was lost. - goodbye
2024-04-16 21:26:20,425 - INFO - WebSocket connection closed. Status None, Message: None. Reconnecting in 0.10 seconds...
2024-04-16 21:26:21,220 - INFO - Websocket connected
2024-04-16 21:26:21,221 - INFO - WebSocket connection opened.
2024-04-16 21:26:21,221 - INFO - Subscription message sent.
2024-04-16 21:28:01,444 - ERROR - WebSocket error: Connection to remote host was lost.
2024-04-16 21:28:01,445 - ERROR - Connection to remote host was lost. - goodbye
2024-04-16 21:28:01,445 - INFO - WebSocket connection closed. Status None, Message: None. Reconnecting in 0.10 seconds...
2024-04-16 21:28:02,331 - INFO - Websocket connected
2024-04-16 21:28:02,331 - INFO - WebSocket connection opened.
2024-04-16 21:28:02,331 - INFO - Subscription message sent.
2024-04-16 21:29:42,330 - ERROR - WebSocket error: Connection to remote host was lost.
2024-04-16 21:29:42,330 - ERROR - Connection to remote host was lost. - goodbye
2024-04-16 21:29:42,330 - INFO - WebSocket connection closed. Status None, Message: None. Reconnecting in 0.10 seconds...
2024-04-16 21:29:43,105 - INFO - Websocket connected
2024-04-16 21:29:43,105 - INFO - WebSocket connection opened.
2024-04-16 21:29:43,105 - INFO - Subscription message sent.
2024-04-16 21:31:23,341 - ERROR - WebSocket error: Connection to remote host was lost.
2024-04-16 21:31:23,341 - ERROR - Connection to remote host was lost. - goodbye
2024-04-16 21:31:23,342 - INFO - WebSocket connection closed. Status None, Message: None. Reconnecting in 0.10 seconds...
2024-04-16 21:31:24,153 - INFO - Websocket connected
2024-04-16 21:31:24,153 - INFO - WebSocket connection opened.
2024-04-16 21:31:24,153 - INFO - Subscription message sent.
2024-04-16 21:33:04,408 - ERROR - WebSocket error: Connection to remote host was lost.
2024-04-16 21:33:04,409 - ERROR - Connection to remote host was lost. - goodbye
2024-04-16 21:33:04,409 - INFO - WebSocket connection closed. Status None, Message: None. Reconnecting in 0.10 seconds...
2024-04-16 21:33:05,192 - INFO - Websocket connected
2024-04-16 21:33:05,192 - INFO - WebSocket connection opened.
2024-04-16 21:33:05,193 - INFO - Subscription message sent.
2024-04-16 21:34:45,418 - ERROR - WebSocket error: Connection to remote host was lost.
2024-04-16 21:34:45,418 - ERROR - Connection to remote host was lost. - goodbye
2024-04-16 21:34:45,418 - INFO - WebSocket connection closed. Status None, Message: None. Reconnecting in 0.10 seconds...
2024-04-16 21:34:46,213 - INFO - Websocket connected
2024-04-16 21:34:46,213 - INFO - WebSocket connection opened.
2024-04-16 21:34:46,213 - INFO - Subscription message sent.
2024-04-16 21:36:26,439 - ERROR - WebSocket error: Connection to remote host was lost.
2024-04-16 21:36:26,439 - ERROR - Connection to remote host was lost. - goodbye
2024-04-16 21:36:26,439 - INFO - WebSocket connection closed. Status None, Message: None. Reconnecting in 0.10 seconds...
2024-04-16 21:36:27,236 - INFO - Websocket connected
2024-04-16 21:36:27,236 - INFO - WebSocket connection opened.
2024-04-16 21:36:27,236 - INFO - Subscription message sent.
2024-04-16 21:38:07,461 - ERROR - WebSocket error: Connection to remote host was lost.
2024-04-16 21:38:07,461 - ERROR - Connection to remote host was lost. - goodbye
2024-04-16 21:38:07,461 - INFO - WebSocket connection closed. Status None, Message: None. Reconnecting in 0.10 seconds...
2024-04-16 21:38:08,334 - INFO - Websocket connected
2024-04-16 21:38:08,334 - INFO - WebSocket connection opened.
2024-04-16 21:38:08,334 - INFO - Subscription message sent.
2024-04-16 21:39:48,336 - ERROR - WebSocket error: Connection to remote host was lost.
2024-04-16 21:39:48,336 - ERROR - Connection to remote host was lost. - goodbye
2024-04-16 21:39:48,337 - INFO - WebSocket connection closed. Status None, Message: None. Reconnecting in 0.10 seconds...
2024-04-16 21:39:49,133 - INFO - Websocket connected
2024-04-16 21:39:49,134 - INFO - WebSocket connection opened.
2024-04-16 21:39:49,134 - INFO - Subscription message sent.
2024-04-16 21:41:29,361 - ERROR - WebSocket error: Connection to remote host was lost.
2024-04-16 21:41:29,361 - ERROR - Connection to remote host was lost. - goodbye
2024-04-16 21:41:29,361 - INFO - WebSocket connection closed. Status None, Message: None. Reconnecting in 0.10 seconds...
2024-04-16 21:41:30,136 - INFO - Websocket connected
2024-04-16 21:41:30,136 - INFO - WebSocket connection opened.
2024-04-16 21:41:30,137 - INFO - Subscription message sent.
2024-04-16 21:43:10,412 - ERROR - WebSocket error: Connection to remote host was lost.
2024-04-16 21:43:10,413 - ERROR - Connection to remote host was lost. - goodbye
2024-04-16 21:43:10,413 - INFO - WebSocket connection closed. Status None, Message: None. Reconnecting in 0.10 seconds...
2024-04-16 21:43:11,208 - INFO - Websocket connected
2024-04-16 21:43:11,208 - INFO - WebSocket connection opened.
2024-04-16 21:43:11,208 - INFO - Subscription message sent.
2024-04-16 21:44:51,432 - ERROR - WebSocket error: Connection to remote host was lost.
2024-04-16 21:44:51,432 - ERROR - Connection to remote host was lost. - goodbye
2024-04-16 21:44:51,432 - INFO - WebSocket connection closed. Status None, Message: None. Reconnecting in 0.10 seconds...
2024-04-16 21:44:52,207 - INFO - Websocket connected
2024-04-16 21:44:52,207 - INFO - WebSocket connection opened.
2024-04-16 21:44:52,207 - INFO - Subscription message sent.
2024-04-16 21:46:32,443 - ERROR - WebSocket error: Connection to remote host was lost.
2024-04-16 21:46:32,444 - ERROR - Connection to remote host was lost. - goodbye
2024-04-16 21:46:32,444 - INFO - WebSocket connection closed. Status None, Message: None. Reconnecting in 0.10 seconds...
2024-04-16 21:46:33,216 - INFO - Websocket connected
2024-04-16 21:46:33,216 - INFO - WebSocket connection opened.
2024-04-16 21:46:33,217 - INFO - Subscription message sent.
2024-04-16 21:48:13,439 - ERROR - WebSocket error: Connection to remote host was lost.
2024-04-16 21:48:13,439 - ERROR - Connection to remote host was lost. - goodbye
2024-04-16 21:48:13,439 - INFO - WebSocket connection closed. Status None, Message: None. Reconnecting in 0.10 seconds...
2024-04-16 21:48:14,219 - INFO - Websocket connected
2024-04-16 21:48:14,221 - INFO - WebSocket connection opened.
2024-04-16 21:48:14,221 - INFO - Subscription message sent.
2024-04-16 21:49:54,453 - ERROR - WebSocket error: Connection to remote host was lost.
2024-04-16 21:49:54,453 - ERROR - Connection to remote host was lost. - goodbye
2024-04-16 21:49:54,453 - INFO - WebSocket connection closed. Status None, Message: None. Reconnecting in 0.10 seconds...
2024-04-16 21:49:55,279 - INFO - Websocket connected
2024-04-16 21:49:55,279 - INFO - WebSocket connection opened.
2024-04-16 21:49:55,280 - INFO - Subscription message sent.
2024-04-16 21:51:35,505 - ERROR - WebSocket error: Connection to remote host was lost.
2024-04-16 21:51:35,505 - ERROR - Connection to remote host was lost. - goodbye
2024-04-16 21:51:35,506 - INFO - WebSocket connection closed. Status None, Message: None. Reconnecting in 0.10 seconds...
2024-04-16 21:51:36,328 - INFO - Websocket connected
2024-04-16 21:51:36,328 - INFO - WebSocket connection opened.
2024-04-16 21:51:36,328 - INFO - Subscription message sent.
2024-04-16 21:53:16,554 - ERROR - WebSocket error: Connection to remote host was lost.
2024-04-16 21:53:16,554 - ERROR - Connection to remote host was lost. - goodbye
2024-04-16 21:53:16,554 - INFO - WebSocket connection closed. Status None, Message: None. Reconnecting in 0.10 seconds...
2024-04-16 21:53:17,356 - INFO - Websocket connected
2024-04-16 21:53:17,356 - INFO - WebSocket connection opened.
2024-04-16 21:53:17,356 - INFO - Subscription message sent.
2024-04-16 21:54:57,582 - ERROR - WebSocket error: Connection to remote host was lost.
2024-04-16 21:54:57,582 - ERROR - Connection to remote host was lost. - goodbye
2024-04-16 21:54:57,582 - INFO - WebSocket connection closed. Status None, Message: None. Reconnecting in 0.10 seconds...
2024-04-16 21:54:58,418 - INFO - Websocket connected
2024-04-16 21:54:58,418 - INFO - WebSocket connection opened.
2024-04-16 21:54:58,418 - INFO - Subscription message sent.
2024-04-16 21:56:38,645 - ERROR - WebSocket error: Connection to remote host was lost.
2024-04-16 21:56:38,646 - ERROR - Connection to remote host was lost. - goodbye
2024-04-16 21:56:38,646 - INFO - WebSocket connection closed. Status None, Message: None. Reconnecting in 0.10 seconds...
2024-04-16 21:56:39,451 - INFO - Websocket connected
2024-04-16 21:56:39,451 - INFO - WebSocket connection opened.
2024-04-16 21:56:39,451 - INFO - Subscription message sent.
2024-04-16 21:58:19,675 - ERROR - WebSocket error: Connection to remote host was lost.
2024-04-16 21:58:19,675 - ERROR - Connection to remote host was lost. - goodbye
2024-04-16 21:58:19,675 - INFO - WebSocket connection closed. Status None, Message: None. Reconnecting in 0.10 seconds...
2024-04-16 21:58:20,483 - INFO - Websocket connected
2024-04-16 21:58:20,489 - INFO - WebSocket connection opened.
2024-04-16 21:58:20,490 - INFO - Subscription message sent.
2024-04-16 22:00:01,038 - ERROR - WebSocket error: Connection to remote host was lost.
2024-04-16 22:00:01,040 - ERROR - Connection to remote host was lost. - goodbye
2024-04-16 22:00:01,040 - INFO - WebSocket connection closed. Status None, Message: None. Reconnecting in 0.10 seconds...
2024-04-16 22:00:01,826 - INFO - Websocket connected
2024-04-16 22:00:01,827 - INFO - WebSocket connection opened.
2024-04-16 22:00:01,827 - INFO - Subscription message sent.
2024-04-16 22:01:42,058 - ERROR - WebSocket error: Connection to remote host was lost.
2024-04-16 22:01:42,059 - ERROR - Connection to remote host was lost. - goodbye
2024-04-16 22:01:42,060 - INFO - WebSocket connection closed. Status None, Message: None. Reconnecting in 0.10 seconds...
2024-04-16 22:01:42,858 - INFO - Websocket connected
2024-04-16 22:01:42,858 - INFO - WebSocket connection opened.
2024-04-16 22:01:42,858 - INFO - Subscription message sent.
2024-04-16 22:03:23,162 - ERROR - WebSocket error: Connection to remote host was lost.
2024-04-16 22:03:24,041 - ERROR - Connection to remote host was lost. - goodbye
2024-04-16 22:03:24,042 - INFO - WebSocket connection closed. Status None, Message: None. Reconnecting in 0.10 seconds...
2024-04-16 22:03:24,827 - INFO - Websocket connected
2024-04-16 22:03:24,827 - INFO - WebSocket connection opened.
2024-04-16 22:03:24,828 - INFO - Subscription message sent.
2024-04-16 22:05:05,056 - ERROR - WebSocket error: Connection to remote host was lost.
2024-04-16 22:05:05,058 - ERROR - Connection to remote host was lost. - goodbye
2024-04-16 22:05:05,058 - INFO - WebSocket connection closed. Status None, Message: None. Reconnecting in 0.10 seconds...
2024-04-16 22:05:05,841 - INFO - Websocket connected
2024-04-16 22:05:05,842 - INFO - WebSocket connection opened.
2024-04-16 22:05:05,842 - INFO - Subscription message sent.
2024-04-16 22:06:46,067 - ERROR - WebSocket error: Connection to remote host was lost.
2024-04-16 22:06:46,068 - ERROR - Connection to remote host was lost. - goodbye
2024-04-16 22:06:46,068 - INFO - WebSocket connection closed. Status None, Message: None. Reconnecting in 0.10 seconds...
2024-04-16 22:06:46,847 - INFO - Websocket connected
2024-04-16 22:06:46,848 - INFO - WebSocket connection opened.
2024-04-16 22:06:46,848 - INFO - Subscription message sent.
2024-04-16 22:08:27,075 - ERROR - WebSocket error: Connection to remote host was lost.
2024-04-16 22:08:27,076 - ERROR - Connection to remote host was lost. - goodbye
2024-04-16 22:08:27,076 - INFO - WebSocket connection closed. Status None, Message: None. Reconnecting in 0.10 seconds...
2024-04-16 22:08:27,877 - INFO - Websocket connected
2024-04-16 22:08:27,877 - INFO - WebSocket connection opened.
2024-04-16 22:08:27,878 - INFO - Subscription message sent.
2024-04-16 22:10:08,103 - ERROR - WebSocket error: Connection to remote host was lost.
2024-04-16 22:10:08,105 - ERROR - Connection to remote host was lost. - goodbye
2024-04-16 22:10:08,105 - INFO - WebSocket connection closed. Status None, Message: None. Reconnecting in 0.10 seconds...
2024-04-16 22:10:08,900 - INFO - Websocket connected
2024-04-16 22:10:08,900 - INFO - WebSocket connection opened.
2024-04-16 22:10:08,901 - INFO - Subscription message sent.
2024-04-16 22:11:49,182 - ERROR - WebSocket error: Connection to remote host was lost.
2024-04-16 22:11:49,237 - ERROR - Connection to remote host was lost. - goodbye
2024-04-16 22:11:49,246 - INFO - WebSocket connection closed. Status None, Message: None. Reconnecting in 0.10 seconds...
2024-04-16 22:11:50,732 - INFO - Websocket connected
2024-04-16 22:11:50,861 - INFO - WebSocket connection opened.
2024-04-16 22:11:50,883 - INFO - Subscription message sent.
2024-04-16 22:13:30,887 - ERROR - WebSocket error: Connection to remote host was lost.
2024-04-16 22:13:30,889 - ERROR - Connection to remote host was lost. - goodbye
2024-04-16 22:13:30,889 - INFO - WebSocket connection closed. Status None, Message: None. Reconnecting in 0.10 seconds...
2024-04-16 22:13:31,695 - INFO - Websocket connected
2024-04-16 22:13:31,696 - INFO - WebSocket connection opened.
2024-04-16 22:13:31,697 - INFO - Subscription message sent.
2024-04-16 22:15:11,924 - ERROR - WebSocket error: Connection to remote host was lost.
2024-04-16 22:15:11,925 - ERROR - Connection to remote host was lost. - goodbye
2024-04-16 22:15:11,925 - INFO - WebSocket connection closed. Status None, Message: None. Reconnecting in 0.10 seconds...
2024-04-16 22:15:12,721 - INFO - Websocket connected
2024-04-16 22:15:12,721 - INFO - WebSocket connection opened.
2024-04-16 22:15:12,722 - INFO - Subscription message sent.
2024-04-16 22:16:52,948 - ERROR - WebSocket error: Connection to remote host was lost.
2024-04-16 22:16:52,948 - ERROR - Connection to remote host was lost. - goodbye
2024-04-16 22:16:52,949 - INFO - WebSocket connection closed. Status None, Message: None. Reconnecting in 0.10 seconds...
2024-04-16 22:16:53,734 - INFO - Websocket connected
2024-04-16 22:16:53,734 - INFO - WebSocket connection opened.
2024-04-16 22:16:53,735 - INFO - Subscription message sent.
2024-04-16 22:18:33,966 - ERROR - WebSocket error: Connection to remote host was lost.
2024-04-16 22:18:33,966 - ERROR - Connection to remote host was lost. - goodbye
2024-04-16 22:18:33,967 - INFO - WebSocket connection closed. Status None, Message: None. Reconnecting in 0.10 seconds...
2024-04-16 22:18:34,773 - INFO - Websocket connected
2024-04-16 22:18:34,773 - INFO - WebSocket connection opened.
2024-04-16 22:18:34,773 - INFO - Subscription message sent.
2024-04-16 22:20:14,998 - ERROR - WebSocket error: Connection to remote host was lost.
2024-04-16 22:20:14,998 - ERROR - Connection to remote host was lost. - goodbye
2024-04-16 22:20:14,998 - INFO - WebSocket connection closed. Status None, Message: None. Reconnecting in 0.10 seconds...
2024-04-16 22:20:15,813 - INFO - Websocket connected
2024-04-16 22:20:15,813 - INFO - WebSocket connection opened.
2024-04-16 22:20:15,814 - INFO - Subscription message sent.
2024-04-16 22:21:56,039 - ERROR - WebSocket error: Connection to remote host was lost.
2024-04-16 22:21:56,039 - ERROR - Connection to remote host was lost. - goodbye
2024-04-16 22:21:56,039 - INFO - WebSocket connection closed. Status None, Message: None. Reconnecting in 0.10 seconds...
2024-04-16 22:21:56,813 - INFO - Websocket connected
2024-04-16 22:21:56,813 - INFO - WebSocket connection opened.
2024-04-16 22:21:56,814 - INFO - Subscription message sent.
2024-04-16 22:23:37,039 - ERROR - WebSocket error: Connection to remote host was lost.
2024-04-16 22:23:37,039 - ERROR - Connection to remote host was lost. - goodbye
2024-04-16 22:23:37,040 - INFO - WebSocket connection closed. Status None, Message: None. Reconnecting in 0.10 seconds...
2024-04-16 22:23:37,817 - INFO - Websocket connected
2024-04-16 22:23:37,818 - INFO - WebSocket connection opened.
2024-04-16 22:23:37,818 - INFO - Subscription message sent.
2024-04-16 22:25:18,042 - ERROR - WebSocket error: Connection to remote host was lost.
2024-04-16 22:25:18,042 - ERROR - Connection to remote host was lost. - goodbye
2024-04-16 22:25:18,042 - INFO - WebSocket connection closed. Status None, Message: None. Reconnecting in 0.10 seconds...
2024-04-16 22:25:18,832 - INFO - Websocket connected
2024-04-16 22:25:18,832 - INFO - WebSocket connection opened.
2024-04-16 22:25:18,832 - INFO - Subscription message sent.
2024-04-16 22:26:59,056 - ERROR - WebSocket error: Connection to remote host was lost.
2024-04-16 22:26:59,056 - ERROR - Connection to remote host was lost. - goodbye
2024-04-16 22:26:59,056 - INFO - WebSocket connection closed. Status None, Message: None. Reconnecting in 0.10 seconds...
2024-04-16 22:26:59,858 - INFO - Websocket connected
2024-04-16 22:26:59,858 - INFO - WebSocket connection opened.
2024-04-16 22:26:59,858 - INFO - Subscription message sent.
2024-04-16 22:28:40,084 - ERROR - WebSocket error: Connection to remote host was lost.
2024-04-16 22:28:40,084 - ERROR - Connection to remote host was lost. - goodbye
2024-04-16 22:28:40,084 - INFO - WebSocket connection closed. Status None, Message: None. Reconnecting in 0.10 seconds...
2024-04-16 22:28:40,891 - INFO - Websocket connected
2024-04-16 22:28:40,891 - INFO - WebSocket connection opened.
2024-04-16 22:28:40,891 - INFO - Subscription message sent.
2024-04-16 22:30:21,114 - ERROR - WebSocket error: Connection to remote host was lost.
2024-04-16 22:30:21,115 - ERROR - Connection to remote host was lost. - goodbye
2024-04-16 22:30:21,115 - INFO - WebSocket connection closed. Status None, Message: None. Reconnecting in 0.10 seconds...
2024-04-16 22:30:21,896 - INFO - Websocket connected
2024-04-16 22:30:21,896 - INFO - WebSocket connection opened.
2024-04-16 22:30:21,896 - INFO - Subscription message sent.
2024-04-16 22:32:02,125 - ERROR - WebSocket error: Connection to remote host was lost.
2024-04-16 22:32:02,125 - ERROR - Connection to remote host was lost. - goodbye
2024-04-16 22:32:02,126 - INFO - WebSocket connection closed. Status None, Message: None. Reconnecting in 0.10 seconds...
2024-04-16 22:32:02,913 - INFO - Websocket connected
2024-04-16 22:32:02,914 - INFO - WebSocket connection opened.
2024-04-16 22:32:02,914 - INFO - Subscription message sent.
2024-04-16 22:33:43,139 - ERROR - WebSocket error: Connection to remote host was lost.
2024-04-16 22:33:43,139 - ERROR - Connection to remote host was lost. - goodbye
2024-04-16 22:33:43,139 - INFO - WebSocket connection closed. Status None, Message: None. Reconnecting in 0.10 seconds...
2024-04-16 22:33:43,944 - INFO - Websocket connected
2024-04-16 22:33:43,944 - INFO - WebSocket connection opened.
2024-04-16 22:33:43,944 - INFO - Subscription message sent.
2024-04-16 22:35:24,169 - ERROR - WebSocket error: Connection to remote host was lost.
2024-04-16 22:35:24,170 - ERROR - Connection to remote host was lost. - goodbye
2024-04-16 22:35:24,170 - INFO - WebSocket connection closed. Status None, Message: None. Reconnecting in 0.10 seconds...
2024-04-16 22:35:24,979 - INFO - Websocket connected
2024-04-16 22:35:24,979 - INFO - WebSocket connection opened.
2024-04-16 22:35:24,979 - INFO - Subscription message sent.
2024-04-16 22:37:05,211 - ERROR - WebSocket error: Connection to remote host was lost.
2024-04-16 22:37:05,211 - ERROR - Connection to remote host was lost. - goodbye
2024-04-16 22:37:05,211 - INFO - WebSocket connection closed. Status None, Message: None. Reconnecting in 0.10 seconds...
2024-04-16 22:37:05,995 - INFO - Websocket connected
2024-04-16 22:37:05,995 - INFO - WebSocket connection opened.
2024-04-16 22:37:05,996 - INFO - Subscription message sent.
2024-04-16 22:38:46,221 - ERROR - WebSocket error: Connection to remote host was lost.
2024-04-16 22:38:46,221 - ERROR - Connection to remote host was lost. - goodbye
2024-04-16 22:38:46,221 - INFO - WebSocket connection closed. Status None, Message: None. Reconnecting in 0.10 seconds...
2024-04-16 22:38:47,011 - INFO - Websocket connected
2024-04-16 22:38:47,011 - INFO - WebSocket connection opened.
2024-04-16 22:38:47,012 - INFO - Subscription message sent.
2024-04-16 22:40:27,314 - ERROR - WebSocket error: Connection to remote host was lost.
2024-04-16 22:40:27,314 - ERROR - Connection to remote host was lost. - goodbye
2024-04-16 22:40:27,314 - INFO - WebSocket connection closed. Status None, Message: None. Reconnecting in 0.10 seconds...
2024-04-16 22:40:28,088 - INFO - Websocket connected
2024-04-16 22:40:28,088 - INFO - WebSocket connection opened.
2024-04-16 22:40:28,088 - INFO - Subscription message sent.
2024-04-16 22:42:08,375 - ERROR - WebSocket error: Connection to remote host was lost.
2024-04-16 22:42:08,375 - ERROR - Connection to remote host was lost. - goodbye
2024-04-16 22:42:08,375 - INFO - WebSocket connection closed. Status None, Message: None. Reconnecting in 0.10 seconds...
2024-04-16 22:42:09,148 - INFO - Websocket connected
2024-04-16 22:42:09,148 - INFO - WebSocket connection opened.
2024-04-16 22:42:09,149 - INFO - Subscription message sent.
2024-04-16 22:43:49,375 - ERROR - WebSocket error: Connection to remote host was lost.
2024-04-16 22:43:49,375 - ERROR - Connection to remote host was lost. - goodbye
2024-04-16 22:43:49,375 - INFO - WebSocket connection closed. Status None, Message: None. Reconnecting in 0.10 seconds...
2024-04-16 22:43:50,183 - INFO - Websocket connected
2024-04-16 22:43:50,183 - INFO - WebSocket connection opened.
2024-04-16 22:43:50,184 - INFO - Subscription message sent.
2024-04-16 22:45:30,409 - ERROR - WebSocket error: Connection to remote host was lost.
2024-04-16 22:45:30,409 - ERROR - Connection to remote host was lost. - goodbye
2024-04-16 22:45:30,409 - INFO - WebSocket connection closed. Status None, Message: None. Reconnecting in 0.10 seconds...
2024-04-16 22:45:31,183 - INFO - Websocket connected
2024-04-16 22:45:31,183 - INFO - WebSocket connection opened.
2024-04-16 22:45:31,184 - INFO - Subscription message sent.
2024-04-16 22:47:11,410 - ERROR - WebSocket error: Connection to remote host was lost.
2024-04-16 22:47:11,410 - ERROR - Connection to remote host was lost. - goodbye
2024-04-16 22:47:11,410 - INFO - WebSocket connection closed. Status None, Message: None. Reconnecting in 0.10 seconds...
2024-04-16 22:47:12,187 - INFO - Websocket connected
2024-04-16 22:47:12,188 - INFO - WebSocket connection opened.
2024-04-16 22:47:12,188 - INFO - Subscription message sent.
2024-04-16 22:48:52,416 - ERROR - WebSocket error: Connection to remote host was lost.
2024-04-16 22:48:52,416 - ERROR - Connection to remote host was lost. - goodbye
2024-04-16 22:48:52,416 - INFO - WebSocket connection closed. Status None, Message: None. Reconnecting in 0.10 seconds...
2024-04-16 22:48:53,242 - INFO - Websocket connected
2024-04-16 22:48:53,242 - INFO - WebSocket connection opened.
2024-04-16 22:48:53,242 - INFO - Subscription message sent.
2024-04-16 22:50:33,467 - ERROR - WebSocket error: Connection to remote host was lost.
2024-04-16 22:50:33,467 - ERROR - Connection to remote host was lost. - goodbye
2024-04-16 22:50:33,467 - INFO - WebSocket connection closed. Status None, Message: None. Reconnecting in 0.10 seconds...
2024-04-16 22:50:34,378 - INFO - Websocket connected
2024-04-16 22:50:34,378 - INFO - WebSocket connection opened.
2024-04-16 22:50:34,379 - INFO - Subscription message sent.
2024-04-16 22:52:14,376 - ERROR - WebSocket error: Connection to remote host was lost.
2024-04-16 22:52:14,376 - ERROR - Connection to remote host was lost. - goodbye
2024-04-16 22:52:14,376 - INFO - WebSocket connection closed. Status None, Message: None. Reconnecting in 0.10 seconds...
2024-04-16 22:52:15,170 - INFO - Websocket connected
2024-04-16 22:52:15,171 - INFO - WebSocket connection opened.
2024-04-16 22:52:15,171 - INFO - Subscription message sent.
2024-04-16 22:53:55,397 - ERROR - WebSocket error: Connection to remote host was lost.
2024-04-16 22:53:55,398 - ERROR - Connection to remote host was lost. - goodbye
2024-04-16 22:53:55,398 - INFO - WebSocket connection closed. Status None, Message: None. Reconnecting in 0.10 seconds...
2024-04-16 22:53:56,191 - INFO - Websocket connected
2024-04-16 22:53:56,191 - INFO - WebSocket connection opened.
2024-04-16 22:53:56,191 - INFO - Subscription message sent.
2024-04-16 22:55:36,417 - ERROR - WebSocket error: Connection to remote host was lost.
2024-04-16 22:55:36,417 - ERROR - Connection to remote host was lost. - goodbye
2024-04-16 22:55:36,417 - INFO - WebSocket connection closed. Status None, Message: None. Reconnecting in 0.10 seconds...
2024-04-16 22:55:37,202 - INFO - Websocket connected
2024-04-16 22:55:37,203 - INFO - WebSocket connection opened.
2024-04-16 22:55:37,203 - INFO - Subscription message sent.
2024-04-16 22:57:17,427 - ERROR - WebSocket error: Connection to remote host was lost.
2024-04-16 22:57:17,428 - ERROR - Connection to remote host was lost. - goodbye
2024-04-16 22:57:17,428 - INFO - WebSocket connection closed. Status None, Message: None. Reconnecting in 0.10 seconds...
2024-04-16 22:57:18,214 - INFO - Websocket connected
2024-04-16 22:57:18,214 - INFO - WebSocket connection opened.
2024-04-16 22:57:18,215 - INFO - Subscription message sent.
2024-04-16 22:58:58,442 - ERROR - WebSocket error: Connection to remote host was lost.
2024-04-16 22:58:58,443 - ERROR - Connection to remote host was lost. - goodbye
2024-04-16 22:58:58,443 - INFO - WebSocket connection closed. Status None, Message: None. Reconnecting in 0.10 seconds...
2024-04-16 22:58:59,224 - INFO - Websocket connected
2024-04-16 22:58:59,224 - INFO - WebSocket connection opened.
2024-04-16 22:58:59,225 - INFO - Subscription message sent.
2024-04-16 23:00:39,450 - ERROR - WebSocket error: Connection to remote host was lost.
2024-04-16 23:00:39,450 - ERROR - Connection to remote host was lost. - goodbye
2024-04-16 23:00:39,450 - INFO - WebSocket connection closed. Status None, Message: None. Reconnecting in 0.10 seconds...
2024-04-16 23:00:40,231 - INFO - Websocket connected
2024-04-16 23:00:40,231 - INFO - WebSocket connection opened.
2024-04-16 23:00:40,231 - INFO - Subscription message sent.
2024-04-16 23:02:20,460 - ERROR - WebSocket error: Connection to remote host was lost.
2024-04-16 23:02:20,460 - ERROR - Connection to remote host was lost. - goodbye
2024-04-16 23:02:20,460 - INFO - WebSocket connection closed. Status None, Message: None. Reconnecting in 0.10 seconds...
2024-04-16 23:02:21,263 - INFO - Websocket connected
2024-04-16 23:02:21,264 - INFO - WebSocket connection opened.
2024-04-16 23:02:21,264 - INFO - Subscription message sent.
2024-04-16 23:04:01,491 - ERROR - WebSocket error: Connection to remote host was lost.
2024-04-16 23:04:01,491 - ERROR - Connection to remote host was lost. - goodbye
2024-04-16 23:04:01,491 - INFO - WebSocket connection closed. Status None, Message: None. Reconnecting in 0.10 seconds...
2024-04-16 23:04:02,364 - INFO - Websocket connected
2024-04-16 23:04:02,364 - INFO - WebSocket connection opened.
2024-04-16 23:04:02,365 - INFO - Subscription message sent.
2024-04-16 23:05:42,363 - ERROR - WebSocket error: Connection to remote host was lost.
2024-04-16 23:05:42,363 - ERROR - Connection to remote host was lost. - goodbye
2024-04-16 23:05:42,363 - INFO - WebSocket connection closed. Status None, Message: None. Reconnecting in 0.10 seconds...
2024-04-16 23:05:43,132 - INFO - Websocket connected
2024-04-16 23:05:43,132 - INFO - WebSocket connection opened.
2024-04-16 23:05:43,132 - INFO - Subscription message sent.
2024-04-16 23:07:23,361 - ERROR - WebSocket error: Connection to remote host was lost.
2024-04-16 23:07:23,361 - ERROR - Connection to remote host was lost. - goodbye
2024-04-16 23:07:23,361 - INFO - WebSocket connection closed. Status None, Message: None. Reconnecting in 0.10 seconds...
2024-04-16 23:07:24,152 - INFO - Websocket connected
2024-04-16 23:07:24,152 - INFO - WebSocket connection opened.
2024-04-16 23:07:24,153 - INFO - Subscription message sent.
2024-04-16 23:09:04,419 - ERROR - WebSocket error: Connection to remote host was lost.
2024-04-16 23:09:04,419 - ERROR - Connection to remote host was lost. - goodbye
2024-04-16 23:09:04,419 - INFO - WebSocket connection closed. Status None, Message: None. Reconnecting in 0.10 seconds...
2024-04-16 23:09:05,203 - INFO - Websocket connected
2024-04-16 23:09:05,203 - INFO - WebSocket connection opened.
2024-04-16 23:09:05,203 - INFO - Subscription message sent.
2024-04-16 23:10:45,427 - ERROR - WebSocket error: Connection to remote host was lost.
2024-04-16 23:10:45,428 - ERROR - Connection to remote host was lost. - goodbye
2024-04-16 23:10:45,428 - INFO - WebSocket connection closed. Status None, Message: None. Reconnecting in 0.10 seconds...
2024-04-16 23:10:46,264 - INFO - Websocket connected
2024-04-16 23:10:46,265 - INFO - WebSocket connection opened.
2024-04-16 23:10:46,265 - INFO - Subscription message sent.
2024-04-16 23:12:26,499 - ERROR - WebSocket error: Connection to remote host was lost.
2024-04-16 23:12:26,499 - ERROR - Connection to remote host was lost. - goodbye
2024-04-16 23:12:26,500 - INFO - WebSocket connection closed. Status None, Message: None. Reconnecting in 0.10 seconds...
2024-04-16 23:12:27,287 - INFO - Websocket connected
2024-04-16 23:12:27,287 - INFO - WebSocket connection opened.
2024-04-16 23:12:27,288 - INFO - Subscription message sent.
2024-04-16 23:14:07,515 - ERROR - WebSocket error: Connection to remote host was lost.
2024-04-16 23:14:07,515 - ERROR - Connection to remote host was lost. - goodbye
2024-04-16 23:14:07,515 - INFO - WebSocket connection closed. Status None, Message: None. Reconnecting in 0.10 seconds...
2024-04-16 23:14:08,353 - INFO - Websocket connected
2024-04-16 23:14:08,354 - INFO - WebSocket connection opened.
2024-04-16 23:14:08,354 - INFO - Subscription message sent.
2024-04-16 23:15:48,581 - ERROR - WebSocket error: Connection to remote host was lost.
2024-04-16 23:15:48,581 - ERROR - Connection to remote host was lost. - goodbye
2024-04-16 23:15:48,582 - INFO - WebSocket connection closed. Status None, Message: None. Reconnecting in 0.10 seconds...
2024-04-16 23:15:49,368 - INFO - Websocket connected
2024-04-16 23:15:49,368 - INFO - WebSocket connection opened.
2024-04-16 23:15:49,369 - INFO - Subscription message sent.
2024-04-16 23:17:29,594 - ERROR - WebSocket error: Connection to remote host was lost.
2024-04-16 23:17:29,594 - ERROR - Connection to remote host was lost. - goodbye
2024-04-16 23:17:29,594 - INFO - WebSocket connection closed. Status None, Message: None. Reconnecting in 0.10 seconds...
2024-04-16 23:17:30,401 - INFO - Websocket connected
2024-04-16 23:17:30,402 - INFO - WebSocket connection opened.
2024-04-16 23:17:30,402 - INFO - Subscription message sent.
2024-04-16 23:19:10,626 - ERROR - WebSocket error: Connection to remote host was lost.
2024-04-16 23:19:10,627 - ERROR - Connection to remote host was lost. - goodbye
2024-04-16 23:19:10,627 - INFO - WebSocket connection closed. Status None, Message: None. Reconnecting in 0.10 seconds...
2024-04-16 23:19:11,426 - INFO - Websocket connected
2024-04-16 23:19:11,426 - INFO - WebSocket connection opened.
2024-04-16 23:19:11,426 - INFO - Subscription message sent.
2024-04-16 23:20:51,650 - ERROR - WebSocket error: Connection to remote host was lost.
2024-04-16 23:20:51,651 - ERROR - Connection to remote host was lost. - goodbye
2024-04-16 23:20:51,651 - INFO - WebSocket connection closed. Status None, Message: None. Reconnecting in 0.10 seconds...
2024-04-16 23:20:52,434 - INFO - Websocket connected
2024-04-16 23:20:52,434 - INFO - WebSocket connection opened.
2024-04-16 23:20:52,434 - INFO - Subscription message sent.
2024-04-16 23:22:32,658 - ERROR - WebSocket error: Connection to remote host was lost.
2024-04-16 23:22:32,659 - ERROR - Connection to remote host was lost. - goodbye
2024-04-16 23:22:32,659 - INFO - WebSocket connection closed. Status None, Message: None. Reconnecting in 0.10 seconds...
2024-04-16 23:22:33,435 - INFO - Websocket connected
2024-04-16 23:22:33,436 - INFO - WebSocket connection opened.
2024-04-16 23:22:33,436 - INFO - Subscription message sent.
2024-04-16 23:24:13,663 - ERROR - WebSocket error: Connection to remote host was lost.
2024-04-16 23:24:13,663 - ERROR - Connection to remote host was lost. - goodbye
2024-04-16 23:24:13,663 - INFO - WebSocket connection closed. Status None, Message: None. Reconnecting in 0.10 seconds...
2024-04-16 23:24:14,470 - INFO - Websocket connected
2024-04-16 23:24:14,470 - INFO - WebSocket connection opened.
2024-04-16 23:24:14,471 - INFO - Subscription message sent.
2024-04-16 23:25:54,697 - ERROR - WebSocket error: Connection to remote host was lost.
2024-04-16 23:25:54,697 - ERROR - Connection to remote host was lost. - goodbye
2024-04-16 23:25:54,697 - INFO - WebSocket connection closed. Status None, Message: None. Reconnecting in 0.10 seconds...
2024-04-16 23:25:55,504 - INFO - Websocket connected
2024-04-16 23:25:55,505 - INFO - WebSocket connection opened.
2024-04-16 23:25:55,505 - INFO - Subscription message sent.
2024-04-16 23:27:35,728 - ERROR - WebSocket error: Connection to remote host was lost.
2024-04-16 23:27:35,728 - ERROR - Connection to remote host was lost. - goodbye
2024-04-16 23:27:35,728 - INFO - WebSocket connection closed. Status None, Message: None. Reconnecting in 0.10 seconds...
2024-04-16 23:27:36,525 - INFO - Websocket connected
2024-04-16 23:27:36,525 - INFO - WebSocket connection opened.
2024-04-16 23:27:36,525 - INFO - Subscription message sent.
2024-04-16 23:29:16,748 - ERROR - WebSocket error: Connection to remote host was lost.
2024-04-16 23:29:16,748 - ERROR - Connection to remote host was lost. - goodbye
2024-04-16 23:29:16,748 - INFO - WebSocket connection closed. Status None, Message: None. Reconnecting in 0.10 seconds...
2024-04-16 23:29:17,560 - INFO - Websocket connected
2024-04-16 23:29:17,560 - INFO - WebSocket connection opened.
2024-04-16 23:29:17,561 - INFO - Subscription message sent.
2024-04-16 23:30:57,787 - ERROR - WebSocket error: Connection to remote host was lost.
2024-04-16 23:30:57,788 - ERROR - Connection to remote host was lost. - goodbye
2024-04-16 23:30:57,788 - INFO - WebSocket connection closed. Status None, Message: None. Reconnecting in 0.10 seconds...
2024-04-16 23:30:58,559 - INFO - Websocket connected
2024-04-16 23:30:58,559 - INFO - WebSocket connection opened.
2024-04-16 23:30:58,559 - INFO - Subscription message sent.
2024-04-16 23:32:38,783 - ERROR - WebSocket error: Connection to remote host was lost.
2024-04-16 23:32:38,783 - ERROR - Connection to remote host was lost. - goodbye
2024-04-16 23:32:38,784 - INFO - WebSocket connection closed. Status None, Message: None. Reconnecting in 0.10 seconds...
2024-04-16 23:32:39,566 - INFO - Websocket connected
2024-04-16 23:32:39,566 - INFO - WebSocket connection opened.
2024-04-16 23:32:39,567 - INFO - Subscription message sent.
2024-04-16 23:34:19,792 - ERROR - WebSocket error: Connection to remote host was lost.
2024-04-16 23:34:19,792 - ERROR - Connection to remote host was lost. - goodbye
2024-04-16 23:34:19,792 - INFO - WebSocket connection closed. Status None, Message: None. Reconnecting in 0.10 seconds...
2024-04-16 23:34:20,571 - INFO - Websocket connected
2024-04-16 23:34:20,571 - INFO - WebSocket connection opened.
2024-04-16 23:34:20,572 - INFO - Subscription message sent.
2024-04-16 23:36:00,795 - ERROR - WebSocket error: Connection to remote host was lost.
2024-04-16 23:36:00,795 - ERROR - Connection to remote host was lost. - goodbye
2024-04-16 23:36:00,795 - INFO - WebSocket connection closed. Status None, Message: None. Reconnecting in 0.10 seconds...
2024-04-16 23:36:01,578 - INFO - Websocket connected
2024-04-16 23:36:01,579 - INFO - WebSocket connection opened.
2024-04-16 23:36:01,579 - INFO - Subscription message sent.
2024-04-16 23:37:41,803 - ERROR - WebSocket error: Connection to remote host was lost.
2024-04-16 23:37:41,804 - ERROR - Connection to remote host was lost. - goodbye
2024-04-16 23:37:41,804 - INFO - WebSocket connection closed. Status None, Message: None. Reconnecting in 0.10 seconds...
2024-04-16 23:37:42,585 - INFO - Websocket connected
2024-04-16 23:37:42,585 - INFO - WebSocket connection opened.
2024-04-16 23:37:42,585 - INFO - Subscription message sent.
2024-04-16 23:39:22,810 - ERROR - WebSocket error: Connection to remote host was lost.
2024-04-16 23:39:22,810 - ERROR - Connection to remote host was lost. - goodbye
2024-04-16 23:39:22,811 - INFO - WebSocket connection closed. Status None, Message: None. Reconnecting in 0.10 seconds...
2024-04-16 23:39:23,594 - INFO - Websocket connected
2024-04-16 23:39:23,594 - INFO - WebSocket connection opened.
2024-04-16 23:39:23,595 - INFO - Subscription message sent.
2024-04-16 23:41:03,821 - ERROR - WebSocket error: Connection to remote host was lost.
2024-04-16 23:41:03,822 - ERROR - Connection to remote host was lost. - goodbye
2024-04-16 23:41:03,822 - INFO - WebSocket connection closed. Status None, Message: None. Reconnecting in 0.10 seconds...
2024-04-16 23:41:04,598 - INFO - Websocket connected
2024-04-16 23:41:04,599 - INFO - WebSocket connection opened.
2024-04-16 23:41:04,599 - INFO - Subscription message sent.
2024-04-16 23:42:44,826 - ERROR - WebSocket error: Connection to remote host was lost.
2024-04-16 23:42:44,826 - ERROR - Connection to remote host was lost. - goodbye
2024-04-16 23:42:44,826 - INFO - WebSocket connection closed. Status None, Message: None. Reconnecting in 0.10 seconds...
2024-04-16 23:42:45,614 - INFO - Websocket connected
2024-04-16 23:42:45,615 - INFO - WebSocket connection opened.
2024-04-16 23:42:45,615 - INFO - Subscription message sent.
2024-04-16 23:44:25,840 - ERROR - WebSocket error: Connection to remote host was lost.
2024-04-16 23:44:25,841 - ERROR - Connection to remote host was lost. - goodbye
2024-04-16 23:44:25,841 - INFO - WebSocket connection closed. Status None, Message: None. Reconnecting in 0.10 seconds...
2024-04-16 23:44:26,632 - INFO - Websocket connected
2024-04-16 23:44:26,632 - INFO - WebSocket connection opened.
2024-04-16 23:44:26,633 - INFO - Subscription message sent.
2024-04-16 23:46:06,857 - ERROR - WebSocket error: Connection to remote host was lost.
2024-04-16 23:46:06,858 - ERROR - Connection to remote host was lost. - goodbye
2024-04-16 23:46:06,858 - INFO - WebSocket connection closed. Status None, Message: None. Reconnecting in 0.10 seconds...
2024-04-16 23:46:07,655 - INFO - Websocket connected
2024-04-16 23:46:07,656 - INFO - WebSocket connection opened.
2024-04-16 23:46:07,656 - INFO - Subscription message sent.
2024-04-16 23:47:47,880 - ERROR - WebSocket error: Connection to remote host was lost.
2024-04-16 23:47:47,880 - ERROR - Connection to remote host was lost. - goodbye
2024-04-16 23:47:47,880 - INFO - WebSocket connection closed. Status None, Message: None. Reconnecting in 0.10 seconds...
2024-04-16 23:47:48,691 - INFO - Websocket connected
2024-04-16 23:47:48,691 - INFO - WebSocket connection opened.
2024-04-16 23:47:48,691 - INFO - Subscription message sent.
2024-04-16 23:49:28,928 - ERROR - WebSocket error: Connection to remote host was lost.
2024-04-16 23:49:28,928 - ERROR - Connection to remote host was lost. - goodbye
2024-04-16 23:49:28,928 - INFO - WebSocket connection closed. Status None, Message: None. Reconnecting in 0.10 seconds...
2024-04-16 23:49:29,710 - INFO - Websocket connected
2024-04-16 23:49:29,711 - INFO - WebSocket connection opened.
2024-04-16 23:49:29,711 - INFO - Subscription message sent.
2024-04-16 23:51:09,934 - ERROR - WebSocket error: Connection to remote host was lost.
2024-04-16 23:51:09,935 - ERROR - Connection to remote host was lost. - goodbye
2024-04-16 23:51:09,935 - INFO - WebSocket connection closed. Status None, Message: None. Reconnecting in 0.10 seconds...
2024-04-16 23:51:10,722 - INFO - Websocket connected
2024-04-16 23:51:10,722 - INFO - WebSocket connection opened.
2024-04-16 23:51:10,723 - INFO - Subscription message sent.
2024-04-16 23:52:50,950 - ERROR - WebSocket error: Connection to remote host was lost.
2024-04-16 23:52:50,950 - ERROR - Connection to remote host was lost. - goodbye
2024-04-16 23:52:50,950 - INFO - WebSocket connection closed. Status None, Message: None. Reconnecting in 0.10 seconds...
2024-04-16 23:52:51,723 - INFO - Websocket connected
2024-04-16 23:52:51,723 - INFO - WebSocket connection opened.
2024-04-16 23:52:51,724 - INFO - Subscription message sent.
2024-04-16 23:54:31,949 - ERROR - WebSocket error: Connection to remote host was lost.
2024-04-16 23:54:31,949 - ERROR - Connection to remote host was lost. - goodbye
2024-04-16 23:54:31,949 - INFO - WebSocket connection closed. Status None, Message: None. Reconnecting in 0.10 seconds...
2024-04-16 23:54:32,751 - INFO - Websocket connected
2024-04-16 23:54:32,752 - INFO - WebSocket connection opened.
2024-04-16 23:54:32,752 - INFO - Subscription message sent.
2024-04-16 23:56:12,977 - ERROR - WebSocket error: Connection to remote host was lost.
2024-04-16 23:56:12,977 - ERROR - Connection to remote host was lost. - goodbye
2024-04-16 23:56:12,977 - INFO - WebSocket connection closed. Status None, Message: None. Reconnecting in 0.10 seconds...
2024-04-16 23:56:13,755 - INFO - Websocket connected
2024-04-16 23:56:13,755 - INFO - WebSocket connection opened.
2024-04-16 23:56:13,755 - INFO - Subscription message sent.
2024-04-16 23:57:53,979 - ERROR - WebSocket error: Connection to remote host was lost.
2024-04-16 23:57:53,979 - ERROR - Connection to remote host was lost. - goodbye
2024-04-16 23:57:53,979 - INFO - WebSocket connection closed. Status None, Message: None. Reconnecting in 0.10 seconds...
2024-04-16 23:57:54,763 - INFO - Websocket connected
2024-04-16 23:57:54,763 - INFO - WebSocket connection opened.
2024-04-16 23:57:54,764 - INFO - Subscription message sent.
2024-04-16 23:59:34,988 - ERROR - WebSocket error: Connection to remote host was lost.
2024-04-16 23:59:34,988 - ERROR - Connection to remote host was lost. - goodbye
2024-04-16 23:59:34,988 - INFO - WebSocket connection closed. Status None, Message: None. Reconnecting in 0.10 seconds...
2024-04-16 23:59:35,777 - INFO - Websocket connected
2024-04-16 23:59:35,777 - INFO - WebSocket connection opened.
2024-04-16 23:59:35,778 - INFO - Subscription message sent.
2024-04-17 00:01:16,003 - ERROR - WebSocket error: Connection to remote host was lost.
2024-04-17 00:01:16,003 - ERROR - Connection to remote host was lost. - goodbye
2024-04-17 00:01:16,003 - INFO - WebSocket connection closed. Status None, Message: None. Reconnecting in 0.10 seconds...
2024-04-17 00:01:16,796 - INFO - Websocket connected
2024-04-17 00:01:16,796 - INFO - WebSocket connection opened.
2024-04-17 00:01:16,796 - INFO - Subscription message sent.
2024-04-17 00:02:57,019 - ERROR - WebSocket error: Connection to remote host was lost.
2024-04-17 00:02:57,019 - ERROR - Connection to remote host was lost. - goodbye
2024-04-17 00:02:57,019 - INFO - WebSocket connection closed. Status None, Message: None. Reconnecting in 0.10 seconds...
2024-04-17 00:02:57,795 - INFO - Websocket connected
2024-04-17 00:02:57,795 - INFO - WebSocket connection opened.
2024-04-17 00:02:57,795 - INFO - Subscription message sent.
2024-04-17 00:04:38,019 - ERROR - WebSocket error: Connection to remote host was lost.
2024-04-17 00:04:38,019 - ERROR - Connection to remote host was lost. - goodbye
2024-04-17 00:04:38,019 - INFO - WebSocket connection closed. Status None, Message: None. Reconnecting in 0.10 seconds...
2024-04-17 00:04:38,819 - INFO - Websocket connected
2024-04-17 00:04:38,819 - INFO - WebSocket connection opened.
2024-04-17 00:04:38,820 - INFO - Subscription message sent.
2024-04-17 00:06:19,066 - ERROR - WebSocket error: Connection to remote host was lost.
2024-04-17 00:06:19,066 - ERROR - Connection to remote host was lost. - goodbye
2024-04-17 00:06:19,066 - INFO - WebSocket connection closed. Status None, Message: None. Reconnecting in 0.10 seconds...
2024-04-17 00:06:19,866 - INFO - Websocket connected
2024-04-17 00:06:19,866 - INFO - WebSocket connection opened.
2024-04-17 00:06:19,866 - INFO - Subscription message sent.
2024-04-17 00:08:00,091 - ERROR - WebSocket error: Connection to remote host was lost.
2024-04-17 00:08:00,091 - ERROR - Connection to remote host was lost. - goodbye
2024-04-17 00:08:00,091 - INFO - WebSocket connection closed. Status None, Message: None. Reconnecting in 0.10 seconds...
2024-04-17 00:08:00,866 - INFO - Websocket connected
2024-04-17 00:08:00,866 - INFO - WebSocket connection opened.
2024-04-17 00:08:00,866 - INFO - Subscription message sent.
2024-04-17 00:09:41,089 - ERROR - WebSocket error: Connection to remote host was lost.
2024-04-17 00:09:41,089 - ERROR - Connection to remote host was lost. - goodbye
2024-04-17 00:09:41,089 - INFO - WebSocket connection closed. Status None, Message: None. Reconnecting in 0.10 seconds...
2024-04-17 00:09:41,868 - INFO - Websocket connected
2024-04-17 00:09:41,868 - INFO - WebSocket connection opened.
2024-04-17 00:09:41,869 - INFO - Subscription message sent.
2024-04-17 00:11:22,092 - ERROR - WebSocket error: Connection to remote host was lost.
2024-04-17 00:11:22,093 - ERROR - Connection to remote host was lost. - goodbye
2024-04-17 00:11:22,093 - INFO - WebSocket connection closed. Status None, Message: None. Reconnecting in 0.10 seconds...
2024-04-17 00:11:22,879 - INFO - Websocket connected
2024-04-17 00:11:22,880 - INFO - WebSocket connection opened.
2024-04-17 00:11:22,880 - INFO - Subscription message sent.
2024-04-17 00:13:03,106 - ERROR - WebSocket error: Connection to remote host was lost.
2024-04-17 00:13:03,106 - ERROR - Connection to remote host was lost. - goodbye
2024-04-17 00:13:03,107 - INFO - WebSocket connection closed. Status None, Message: None. Reconnecting in 0.10 seconds...
2024-04-17 00:13:03,888 - INFO - Websocket connected
2024-04-17 00:13:03,888 - INFO - WebSocket connection opened.
2024-04-17 00:13:03,888 - INFO - Subscription message sent.
2024-04-17 00:14:44,118 - ERROR - WebSocket error: Connection to remote host was lost.
2024-04-17 00:14:44,119 - ERROR - Connection to remote host was lost. - goodbye
2024-04-17 00:14:44,119 - INFO - WebSocket connection closed. Status None, Message: None. Reconnecting in 0.10 seconds...
2024-04-17 00:14:44,920 - INFO - Websocket connected
2024-04-17 00:14:44,920 - INFO - WebSocket connection opened.
2024-04-17 00:14:44,921 - INFO - Subscription message sent.
2024-04-17 00:16:25,146 - ERROR - WebSocket error: Connection to remote host was lost.
2024-04-17 00:16:25,147 - ERROR - Connection to remote host was lost. - goodbye
2024-04-17 00:16:25,147 - INFO - WebSocket connection closed. Status None, Message: None. Reconnecting in 0.10 seconds...
2024-04-17 00:16:25,946 - INFO - Websocket connected
2024-04-17 00:16:25,946 - INFO - WebSocket connection opened.
2024-04-17 00:16:25,947 - INFO - Subscription message sent.
2024-04-17 00:18:06,171 - ERROR - WebSocket error: Connection to remote host was lost.
2024-04-17 00:18:06,171 - ERROR - Connection to remote host was lost. - goodbye
2024-04-17 00:18:06,171 - INFO - WebSocket connection closed. Status None, Message: None. Reconnecting in 0.10 seconds...
2024-04-17 00:18:06,973 - INFO - Websocket connected
2024-04-17 00:18:06,973 - INFO - WebSocket connection opened.
2024-04-17 00:18:06,974 - INFO - Subscription message sent.
2024-04-17 00:19:47,211 - ERROR - WebSocket error: Connection to remote host was lost.
2024-04-17 00:19:47,211 - ERROR - Connection to remote host was lost. - goodbye
2024-04-17 00:19:47,211 - INFO - WebSocket connection closed. Status None, Message: None. Reconnecting in 0.10 seconds...
2024-04-17 00:19:47,998 - INFO - Websocket connected
2024-04-17 00:19:47,998 - INFO - WebSocket connection opened.
2024-04-17 00:19:47,998 - INFO - Subscription message sent.
2024-04-17 00:21:28,225 - ERROR - WebSocket error: Connection to remote host was lost.
2024-04-17 00:21:28,225 - ERROR - Connection to remote host was lost. - goodbye
2024-04-17 00:21:28,225 - INFO - WebSocket connection closed. Status None, Message: None. Reconnecting in 0.10 seconds...
2024-04-17 00:21:29,019 - INFO - Websocket connected
2024-04-17 00:21:29,019 - INFO - WebSocket connection opened.
2024-04-17 00:21:29,019 - INFO - Subscription message sent.
2024-04-17 00:23:09,289 - ERROR - WebSocket error: Connection to remote host was lost.
2024-04-17 00:23:09,289 - ERROR - Connection to remote host was lost. - goodbye
2024-04-17 00:23:09,289 - INFO - WebSocket connection closed. Status None, Message: None. Reconnecting in 0.10 seconds...
2024-04-17 00:23:10,068 - INFO - Websocket connected
2024-04-17 00:23:10,068 - INFO - WebSocket connection opened.
2024-04-17 00:23:10,069 - INFO - Subscription message sent.
2024-04-17 00:24:50,422 - ERROR - WebSocket error: Connection to remote host was lost.
2024-04-17 00:24:50,422 - ERROR - Connection to remote host was lost. - goodbye
2024-04-17 00:24:50,423 - INFO - WebSocket connection closed. Status None, Message: None. Reconnecting in 0.10 seconds...
2024-04-17 00:24:51,206 - INFO - Websocket connected
2024-04-17 00:24:51,206 - INFO - WebSocket connection opened.
2024-04-17 00:24:51,207 - INFO - Subscription message sent.
2024-04-17 00:26:31,432 - ERROR - WebSocket error: Connection to remote host was lost.
2024-04-17 00:26:31,432 - ERROR - Connection to remote host was lost. - goodbye
2024-04-17 00:26:31,432 - INFO - WebSocket connection closed. Status None, Message: None. Reconnecting in 0.10 seconds...
2024-04-17 00:26:32,205 - INFO - Websocket connected
2024-04-17 00:26:32,205 - INFO - WebSocket connection opened.
2024-04-17 00:26:32,205 - INFO - Subscription message sent.
2024-04-17 00:28:12,431 - ERROR - WebSocket error: Connection to remote host was lost.
2024-04-17 00:28:12,431 - ERROR - Connection to remote host was lost. - goodbye
2024-04-17 00:28:12,431 - INFO - WebSocket connection closed. Status None, Message: None. Reconnecting in 0.10 seconds...
2024-04-17 00:28:13,223 - INFO - Websocket connected
2024-04-17 00:28:13,223 - INFO - WebSocket connection opened.
2024-04-17 00:28:13,223 - INFO - Subscription message sent.
2024-04-17 00:29:53,448 - ERROR - WebSocket error: Connection to remote host was lost.
2024-04-17 00:29:53,448 - ERROR - Connection to remote host was lost. - goodbye
2024-04-17 00:29:53,448 - INFO - WebSocket connection closed. Status None, Message: None. Reconnecting in 0.10 seconds...
2024-04-17 00:29:54,226 - INFO - Websocket connected
2024-04-17 00:29:54,226 - INFO - WebSocket connection opened.
2024-04-17 00:29:54,227 - INFO - Subscription message sent.
2024-04-17 00:31:34,452 - ERROR - WebSocket error: Connection to remote host was lost.
2024-04-17 00:31:34,452 - ERROR - Connection to remote host was lost. - goodbye
2024-04-17 00:31:34,452 - INFO - WebSocket connection closed. Status None, Message: None. Reconnecting in 0.10 seconds...
2024-04-17 00:31:35,236 - INFO - Websocket connected
2024-04-17 00:31:35,236 - INFO - WebSocket connection opened.
2024-04-17 00:31:35,236 - INFO - Subscription message sent.
2024-04-17 00:33:15,461 - ERROR - WebSocket error: Connection to remote host was lost.
2024-04-17 00:33:15,461 - ERROR - Connection to remote host was lost. - goodbye
2024-04-17 00:33:15,461 - INFO - WebSocket connection closed. Status None, Message: None. Reconnecting in 0.10 seconds...
2024-04-17 00:33:16,241 - INFO - Websocket connected
2024-04-17 00:33:16,241 - INFO - WebSocket connection opened.
2024-04-17 00:33:16,241 - INFO - Subscription message sent.
2024-04-17 00:34:56,466 - ERROR - WebSocket error: Connection to remote host was lost.
2024-04-17 00:34:56,466 - ERROR - Connection to remote host was lost. - goodbye
2024-04-17 00:34:56,466 - INFO - WebSocket connection closed. Status None, Message: None. Reconnecting in 0.10 seconds...
2024-04-17 00:34:57,304 - INFO - Websocket connected
2024-04-17 00:34:57,305 - INFO - WebSocket connection opened.
2024-04-17 00:34:57,305 - INFO - Subscription message sent.
2024-04-17 00:36:37,530 - ERROR - WebSocket error: Connection to remote host was lost.
2024-04-17 00:36:37,530 - ERROR - Connection to remote host was lost. - goodbye
2024-04-17 00:36:37,531 - INFO - WebSocket connection closed. Status None, Message: None. Reconnecting in 0.10 seconds...
2024-04-17 00:36:38,390 - INFO - Websocket connected
2024-04-17 00:36:38,390 - INFO - WebSocket connection opened.
2024-04-17 00:36:38,391 - INFO - Subscription message sent.
2024-04-17 00:38:18,389 - ERROR - WebSocket error: Connection to remote host was lost.
2024-04-17 00:38:18,389 - ERROR - Connection to remote host was lost. - goodbye
2024-04-17 00:38:18,390 - INFO - WebSocket connection closed. Status None, Message: None. Reconnecting in 0.10 seconds...
2024-04-17 00:38:19,184 - INFO - Websocket connected
2024-04-17 00:38:19,184 - INFO - WebSocket connection opened.
2024-04-17 00:38:19,184 - INFO - Subscription message sent.
2024-04-17 00:39:59,409 - ERROR - WebSocket error: Connection to remote host was lost.
2024-04-17 00:39:59,409 - ERROR - Connection to remote host was lost. - goodbye
2024-04-17 00:39:59,409 - INFO - WebSocket connection closed. Status None, Message: None. Reconnecting in 0.10 seconds...
2024-04-17 00:40:00,213 - INFO - Websocket connected
2024-04-17 00:40:00,213 - INFO - WebSocket connection opened.
2024-04-17 00:40:00,213 - INFO - Subscription message sent.
2024-04-17 00:41:40,457 - ERROR - WebSocket error: Connection to remote host was lost.
2024-04-17 00:41:40,457 - ERROR - Connection to remote host was lost. - goodbye
2024-04-17 00:41:40,457 - INFO - WebSocket connection closed. Status None, Message: None. Reconnecting in 0.10 seconds...
2024-04-17 00:41:41,237 - INFO - Websocket connected
2024-04-17 00:41:41,237 - INFO - WebSocket connection opened.
2024-04-17 00:41:41,238 - INFO - Subscription message sent.
2024-04-17 00:43:21,466 - ERROR - WebSocket error: Connection to remote host was lost.
2024-04-17 00:43:21,466 - ERROR - Connection to remote host was lost. - goodbye
2024-04-17 00:43:21,466 - INFO - WebSocket connection closed. Status None, Message: None. Reconnecting in 0.10 seconds...
2024-04-17 00:43:22,245 - INFO - Websocket connected
2024-04-17 00:43:22,245 - INFO - WebSocket connection opened.
2024-04-17 00:43:22,246 - INFO - Subscription message sent.
2024-04-17 00:45:02,470 - ERROR - WebSocket error: Connection to remote host was lost.
2024-04-17 00:45:02,471 - ERROR - Connection to remote host was lost. - goodbye
2024-04-17 00:45:02,471 - INFO - WebSocket connection closed. Status None, Message: None. Reconnecting in 0.10 seconds...
2024-04-17 00:45:03,289 - INFO - Websocket connected
2024-04-17 00:45:03,289 - INFO - WebSocket connection opened.
2024-04-17 00:45:03,289 - INFO - Subscription message sent.
2024-04-17 00:46:43,515 - ERROR - WebSocket error: Connection to remote host was lost.
2024-04-17 00:46:43,516 - ERROR - Connection to remote host was lost. - goodbye
2024-04-17 00:46:43,516 - INFO - WebSocket connection closed. Status None, Message: None. Reconnecting in 0.10 seconds...
2024-04-17 00:46:44,366 - INFO - Websocket connected
2024-04-17 00:46:44,366 - ERROR - error from callback <function load_realtime_data.<locals>.on_open at 0x7fe1eb786830>: maximum recursion depth exceeded while calling a Python object
2024-04-17 00:46:44,366 - INFO - tearing down on exception maximum recursion depth exceeded while calling a Python object
2024-04-17 00:46:44,581 - ERROR - error from callback <function load_realtime_data.<locals>.on_close at 0x7fe1eb6c8d30>: maximum recursion depth exceeded while calling a Python object
2024-04-17 00:46:44,582 - ERROR - error from callback <function load_realtime_data.<locals>.on_close at 0x7fe1eb6c8d30>: maximum recursion depth exceeded while calling a Python object
2024-04-17 00:46:44,582 - ERROR - WebSocket error: maximum recursion depth exceeded while calling a Python object
2024-04-17 18:37:00,028 - INFO - Websocket connected
2024-04-17 18:37:00,029 - INFO - WebSocket connection opened.
2024-04-17 18:37:00,029 - INFO - Subscription message sent.
2024-04-17 18:38:40,259 - ERROR - WebSocket error: Connection to remote host was lost.
2024-04-17 18:38:40,260 - ERROR - Connection to remote host was lost. - goodbye
2024-04-17 18:38:40,260 - INFO - WebSocket connection closed. Status None, Message: None. Reconnecting in 0.10 seconds...
2024-04-17 18:38:41,051 - INFO - Websocket connected
2024-04-17 18:38:41,051 - INFO - WebSocket connection opened.
2024-04-17 18:38:41,052 - INFO - Subscription message sent.
2024-04-17 18:40:21,322 - ERROR - WebSocket error: Connection to remote host was lost.
2024-04-17 18:40:21,323 - ERROR - Connection to remote host was lost. - goodbye
2024-04-17 18:40:21,323 - INFO - WebSocket connection closed. Status None, Message: None. Reconnecting in 0.10 seconds...
2024-04-17 18:40:22,107 - INFO - Websocket connected
2024-04-17 18:40:22,107 - INFO - WebSocket connection opened.
2024-04-17 18:40:22,107 - INFO - Subscription message sent.
2024-04-17 18:40:34,029 - INFO - Websocket connected
2024-04-17 18:40:34,029 - INFO - WebSocket connection opened.
2024-04-17 18:40:34,029 - INFO - Subscription message sent.
2024-04-17 18:42:14,259 - ERROR - WebSocket error: Connection to remote host was lost.
2024-04-17 18:42:14,260 - ERROR - Connection to remote host was lost. - goodbye
2024-04-17 18:42:14,260 - INFO - WebSocket connection closed. Status None, Message: None. Reconnecting in 0.10 seconds...
2024-04-17 18:42:15,052 - INFO - Websocket connected
2024-04-17 18:42:15,052 - INFO - WebSocket connection opened.
2024-04-17 18:42:15,053 - INFO - Subscription message sent.
2024-04-17 18:42:26,681 - INFO - Websocket connected
2024-04-17 18:42:26,681 - INFO - WebSocket connection opened.
2024-04-17 18:42:26,681 - INFO - Subscription message sent.
2024-04-17 18:42:27,314 - INFO - Received real-time data - Price: 189321.01, Epoch Time: 1713379347, Formatted Time: 2024-04-17 18:42:27, Last Digit: 1
2024-04-17 18:42:28,347 - INFO - Received real-time data - Price: 189317.74, Epoch Time: 1713379348, Formatted Time: 2024-04-17 18:42:28, Last Digit: 4
2024-04-17 18:42:29,300 - INFO - Received real-time data - Price: 189317.43, Epoch Time: 1713379349, Formatted Time: 2024-04-17 18:42:29, Last Digit: 3
2024-04-17 18:42:30,386 - INFO - Received real-time data - Price: 189298.59, Epoch Time: 1713379350, Formatted Time: 2024-04-17 18:42:30, Last Digit: 9
2024-04-17 18:42:31,302 - INFO - Received real-time data - Price: 189295.24, Epoch Time: 1713379351, Formatted Time: 2024-04-17 18:42:31, Last Digit: 4
2024-04-17 18:42:32,372 - INFO - Received real-time data - Price: 189283.08, Epoch Time: 1713379352, Formatted Time: 2024-04-17 18:42:32, Last Digit: 8
2024-04-17 18:42:33,302 - INFO - Received real-time data - Price: 189287.74, Epoch Time: 1713379353, Formatted Time: 2024-04-17 18:42:33, Last Digit: 4
2024-04-17 18:42:34,402 - INFO - Received real-time data - Price: 189274.5, Epoch Time: 1713379354, Formatted Time: 2024-04-17 18:42:34, Last Digit: 5
2024-04-17 18:42:35,294 - INFO - Received real-time data - Price: 189287.5, Epoch Time: 1713379355, Formatted Time: 2024-04-17 18:42:35, Last Digit: 5
2024-04-17 18:42:36,334 - INFO - Received real-time data - Price: 189251.19, Epoch Time: 1713379356, Formatted Time: 2024-04-17 18:42:36, Last Digit: 9
2024-04-17 18:42:37,288 - INFO - Received real-time data - Price: 189266.51, Epoch Time: 1713379357, Formatted Time: 2024-04-17 18:42:37, Last Digit: 1
2024-04-17 18:42:38,365 - INFO - Received real-time data - Price: 189257.69, Epoch Time: 1713379358, Formatted Time: 2024-04-17 18:42:38, Last Digit: 9
2024-04-17 18:42:39,301 - INFO - Received real-time data - Price: 189262.48, Epoch Time: 1713379359, Formatted Time: 2024-04-17 18:42:39, Last Digit: 8
2024-04-17 18:42:40,348 - INFO - Received real-time data - Price: 189263.84, Epoch Time: 1713379360, Formatted Time: 2024-04-17 18:42:40, Last Digit: 4
2024-04-17 18:42:41,290 - INFO - Received real-time data - Price: 189259.27, Epoch Time: 1713379361, Formatted Time: 2024-04-17 18:42:41, Last Digit: 7
2024-04-17 18:42:42,364 - INFO - Received real-time data - Price: 189259.83, Epoch Time: 1713379362, Formatted Time: 2024-04-17 18:42:42, Last Digit: 3
2024-04-17 18:42:43,299 - INFO - Received real-time data - Price: 189258.56, Epoch Time: 1713379363, Formatted Time: 2024-04-17 18:42:43, Last Digit: 6
2024-04-17 18:42:44,425 - INFO - Received real-time data - Price: 189276.97, Epoch Time: 1713379364, Formatted Time: 2024-04-17 18:42:44, Last Digit: 7
2024-04-17 18:42:45,310 - INFO - Received real-time data - Price: 189280.11, Epoch Time: 1713379365, Formatted Time: 2024-04-17 18:42:45, Last Digit: 1
2024-04-17 18:42:46,402 - INFO - Received real-time data - Price: 189281.43, Epoch Time: 1713379366, Formatted Time: 2024-04-17 18:42:46, Last Digit: 3
2024-04-17 18:42:47,306 - INFO - Received real-time data - Price: 189300.2, Epoch Time: 1713379367, Formatted Time: 2024-04-17 18:42:47, Last Digit: 2
2024-04-17 18:42:48,397 - INFO - Received real-time data - Price: 189303.31, Epoch Time: 1713379368, Formatted Time: 2024-04-17 18:42:48, Last Digit: 1
2024-04-17 18:42:49,285 - INFO - Received real-time data - Price: 189299.08, Epoch Time: 1713379369, Formatted Time: 2024-04-17 18:42:49, Last Digit: 8
2024-04-17 18:42:50,363 - INFO - Received real-time data - Price: 189316.57, Epoch Time: 1713379370, Formatted Time: 2024-04-17 18:42:50, Last Digit: 7
2024-04-17 18:42:51,292 - INFO - Received real-time data - Price: 189326.51, Epoch Time: 1713379371, Formatted Time: 2024-04-17 18:42:51, Last Digit: 1
2024-04-17 18:42:52,347 - INFO - Received real-time data - Price: 189350.72, Epoch Time: 1713379372, Formatted Time: 2024-04-17 18:42:52, Last Digit: 2
2024-04-17 18:42:53,625 - INFO - Received real-time data - Price: 189347.8, Epoch Time: 1713379373, Formatted Time: 2024-04-17 18:42:53, Last Digit: 8
2024-04-17 18:42:54,424 - INFO - Received real-time data - Price: 189357.74, Epoch Time: 1713379374, Formatted Time: 2024-04-17 18:42:54, Last Digit: 4
2024-04-17 18:42:55,298 - INFO - Received real-time data - Price: 189377.43, Epoch Time: 1713379375, Formatted Time: 2024-04-17 18:42:55, Last Digit: 3
2024-04-17 18:42:56,337 - INFO - Received real-time data - Price: 189359.49, Epoch Time: 1713379376, Formatted Time: 2024-04-17 18:42:56, Last Digit: 9
2024-04-17 18:42:57,282 - INFO - Received real-time data - Price: 189361.02, Epoch Time: 1713379377, Formatted Time: 2024-04-17 18:42:57, Last Digit: 2
2024-04-17 18:42:58,389 - INFO - Received real-time data - Price: 189406.87, Epoch Time: 1713379378, Formatted Time: 2024-04-17 18:42:58, Last Digit: 7
2024-04-17 18:42:59,296 - INFO - Received real-time data - Price: 189370.92, Epoch Time: 1713379379, Formatted Time: 2024-04-17 18:42:59, Last Digit: 2
2024-04-17 18:43:00,367 - INFO - Received real-time data - Price: 189356.01, Epoch Time: 1713379380, Formatted Time: 2024-04-17 18:43:00, Last Digit: 1
2024-04-17 18:43:01,292 - INFO - Received real-time data - Price: 189361.67, Epoch Time: 1713379381, Formatted Time: 2024-04-17 18:43:01, Last Digit: 7
2024-04-17 18:43:02,399 - INFO - Received real-time data - Price: 189397.17, Epoch Time: 1713379382, Formatted Time: 2024-04-17 18:43:02, Last Digit: 7
2024-04-17 18:43:03,301 - INFO - Received real-time data - Price: 189404.73, Epoch Time: 1713379383, Formatted Time: 2024-04-17 18:43:03, Last Digit: 3
2024-04-17 18:43:04,386 - INFO - Received real-time data - Price: 189401.51, Epoch Time: 1713379384, Formatted Time: 2024-04-17 18:43:04, Last Digit: 1
2024-04-17 18:43:05,283 - INFO - Received real-time data - Price: 189425.22, Epoch Time: 1713379385, Formatted Time: 2024-04-17 18:43:05, Last Digit: 2
2024-04-17 18:43:06,410 - INFO - Received real-time data - Price: 189447.64, Epoch Time: 1713379386, Formatted Time: 2024-04-17 18:43:06, Last Digit: 4
2024-04-17 18:43:07,301 - INFO - Received real-time data - Price: 189456.97, Epoch Time: 1713379387, Formatted Time: 2024-04-17 18:43:07, Last Digit: 7
2024-04-17 18:43:08,397 - INFO - Received real-time data - Price: 189466.09, Epoch Time: 1713379388, Formatted Time: 2024-04-17 18:43:08, Last Digit: 9
2024-04-17 18:43:09,304 - INFO - Received real-time data - Price: 189473.47, Epoch Time: 1713379389, Formatted Time: 2024-04-17 18:43:09, Last Digit: 7
2024-04-17 18:43:10,381 - INFO - Received real-time data - Price: 189500.47, Epoch Time: 1713379390, Formatted Time: 2024-04-17 18:43:10, Last Digit: 7
2024-04-17 18:43:11,316 - INFO - Received real-time data - Price: 189471.55, Epoch Time: 1713379391, Formatted Time: 2024-04-17 18:43:11, Last Digit: 5
2024-04-17 18:43:12,358 - INFO - Received real-time data - Price: 189488.44, Epoch Time: 1713379392, Formatted Time: 2024-04-17 18:43:12, Last Digit: 4
2024-04-17 18:43:13,294 - INFO - Received real-time data - Price: 189505.51, Epoch Time: 1713379393, Formatted Time: 2024-04-17 18:43:13, Last Digit: 1
2024-04-17 18:43:14,384 - INFO - Received real-time data - Price: 189520.85, Epoch Time: 1713379394, Formatted Time: 2024-04-17 18:43:14, Last Digit: 5
2024-04-17 18:43:15,285 - INFO - Received real-time data - Price: 189527.51, Epoch Time: 1713379395, Formatted Time: 2024-04-17 18:43:15, Last Digit: 1
2024-04-17 18:43:16,356 - INFO - Received real-time data - Price: 189521.81, Epoch Time: 1713379396, Formatted Time: 2024-04-17 18:43:16, Last Digit: 1
2024-04-17 18:43:17,300 - INFO - Received real-time data - Price: 189486.68, Epoch Time: 1713379397, Formatted Time: 2024-04-17 18:43:17, Last Digit: 8
2024-04-17 18:43:18,354 - INFO - Received real-time data - Price: 189512.38, Epoch Time: 1713379398, Formatted Time: 2024-04-17 18:43:18, Last Digit: 8
2024-04-17 18:43:19,296 - INFO - Received real-time data - Price: 189551.92, Epoch Time: 1713379399, Formatted Time: 2024-04-17 18:43:19, Last Digit: 2
2024-04-17 18:43:20,409 - INFO - Received real-time data - Price: 189539.53, Epoch Time: 1713379400, Formatted Time: 2024-04-17 18:43:20, Last Digit: 3
2024-04-17 18:43:21,295 - INFO - Received real-time data - Price: 189554.66, Epoch Time: 1713379401, Formatted Time: 2024-04-17 18:43:21, Last Digit: 6
2024-04-17 18:43:22,383 - INFO - Received real-time data - Price: 189568.55, Epoch Time: 1713379402, Formatted Time: 2024-04-17 18:43:22, Last Digit: 5
2024-04-17 18:43:23,285 - INFO - Received real-time data - Price: 189544.4, Epoch Time: 1713379403, Formatted Time: 2024-04-17 18:43:23, Last Digit: 4
2024-04-17 18:43:24,354 - INFO - Received real-time data - Price: 189543.83, Epoch Time: 1713379404, Formatted Time: 2024-04-17 18:43:24, Last Digit: 3
2024-04-17 18:43:25,302 - INFO - Received real-time data - Price: 189511.21, Epoch Time: 1713379405, Formatted Time: 2024-04-17 18:43:25, Last Digit: 1
2024-04-17 18:43:26,348 - INFO - Received real-time data - Price: 189523.37, Epoch Time: 1713379406, Formatted Time: 2024-04-17 18:43:26, Last Digit: 7
2024-04-17 18:43:27,295 - INFO - Received real-time data - Price: 189502.8, Epoch Time: 1713379407, Formatted Time: 2024-04-17 18:43:27, Last Digit: 8
2024-04-17 18:43:28,362 - INFO - Received real-time data - Price: 189500.51, Epoch Time: 1713379408, Formatted Time: 2024-04-17 18:43:28, Last Digit: 1
2024-04-17 18:43:29,305 - INFO - Received real-time data - Price: 189500.42, Epoch Time: 1713379409, Formatted Time: 2024-04-17 18:43:29, Last Digit: 2
2024-04-17 18:43:30,356 - INFO - Received real-time data - Price: 189497, Epoch Time: 1713379410, Formatted Time: 2024-04-17 18:43:30, Last Digit: 7
2024-04-17 18:43:31,293 - INFO - Received real-time data - Price: 189489.15, Epoch Time: 1713379411, Formatted Time: 2024-04-17 18:43:31, Last Digit: 5
2024-04-17 18:43:32,410 - INFO - Received real-time data - Price: 189485.65, Epoch Time: 1713379412, Formatted Time: 2024-04-17 18:43:32, Last Digit: 5
2024-04-17 18:43:33,296 - INFO - Received real-time data - Price: 189495.28, Epoch Time: 1713379413, Formatted Time: 2024-04-17 18:43:33, Last Digit: 8
2024-04-17 18:43:34,331 - INFO - Received real-time data - Price: 189490.46, Epoch Time: 1713379414, Formatted Time: 2024-04-17 18:43:34, Last Digit: 6
2024-04-17 18:43:35,288 - INFO - Received real-time data - Price: 189465.65, Epoch Time: 1713379415, Formatted Time: 2024-04-17 18:43:35, Last Digit: 5
2024-04-17 18:43:36,362 - INFO - Received real-time data - Price: 189483.62, Epoch Time: 1713379416, Formatted Time: 2024-04-17 18:43:36, Last Digit: 2
2024-04-17 18:43:37,288 - INFO - Received real-time data - Price: 189506.53, Epoch Time: 1713379417, Formatted Time: 2024-04-17 18:43:37, Last Digit: 3
2024-04-17 18:43:38,375 - INFO - Received real-time data - Price: 189503.58, Epoch Time: 1713379418, Formatted Time: 2024-04-17 18:43:38, Last Digit: 8
2024-04-17 18:43:39,301 - INFO - Received real-time data - Price: 189483.08, Epoch Time: 1713379419, Formatted Time: 2024-04-17 18:43:39, Last Digit: 8
2024-04-17 18:43:40,368 - INFO - Received real-time data - Price: 189475.42, Epoch Time: 1713379420, Formatted Time: 2024-04-17 18:43:40, Last Digit: 2
2024-04-17 18:43:41,288 - INFO - Received real-time data - Price: 189458.57, Epoch Time: 1713379421, Formatted Time: 2024-04-17 18:43:41, Last Digit: 7
2024-04-17 18:43:42,362 - INFO - Received real-time data - Price: 189434.08, Epoch Time: 1713379422, Formatted Time: 2024-04-17 18:43:42, Last Digit: 8
2024-04-17 18:43:43,303 - INFO - Received real-time data - Price: 189441.59, Epoch Time: 1713379423, Formatted Time: 2024-04-17 18:43:43, Last Digit: 9
2024-04-17 18:43:44,353 - INFO - Received real-time data - Price: 189456.11, Epoch Time: 1713379424, Formatted Time: 2024-04-17 18:43:44, Last Digit: 1
2024-04-17 18:43:45,300 - INFO - Received real-time data - Price: 189463.36, Epoch Time: 1713379425, Formatted Time: 2024-04-17 18:43:45, Last Digit: 6
2024-04-17 18:43:46,380 - INFO - Received real-time data - Price: 189450.86, Epoch Time: 1713379426, Formatted Time: 2024-04-17 18:43:46, Last Digit: 6
2024-04-17 18:43:47,293 - INFO - Received real-time data - Price: 189470.82, Epoch Time: 1713379427, Formatted Time: 2024-04-17 18:43:47, Last Digit: 2
2024-04-17 18:43:48,365 - INFO - Received real-time data - Price: 189498.7, Epoch Time: 1713379428, Formatted Time: 2024-04-17 18:43:48, Last Digit: 7
2024-04-17 18:43:49,300 - INFO - Received real-time data - Price: 189490.9, Epoch Time: 1713379429, Formatted Time: 2024-04-17 18:43:49, Last Digit: 9
2024-04-17 18:43:50,374 - INFO - Received real-time data - Price: 189488.38, Epoch Time: 1713379430, Formatted Time: 2024-04-17 18:43:50, Last Digit: 8
2024-04-17 18:43:51,293 - INFO - Received real-time data - Price: 189467.4, Epoch Time: 1713379431, Formatted Time: 2024-04-17 18:43:51, Last Digit: 4
2024-04-17 18:43:52,347 - INFO - Received real-time data - Price: 189467.7, Epoch Time: 1713379432, Formatted Time: 2024-04-17 18:43:52, Last Digit: 7
2024-04-17 18:43:53,292 - INFO - Received real-time data - Price: 189457.96, Epoch Time: 1713379433, Formatted Time: 2024-04-17 18:43:53, Last Digit: 6
2024-04-17 18:43:54,370 - INFO - Received real-time data - Price: 189444.98, Epoch Time: 1713379434, Formatted Time: 2024-04-17 18:43:54, Last Digit: 8
2024-04-17 18:43:55,285 - INFO - Received real-time data - Price: 189466.09, Epoch Time: 1713379435, Formatted Time: 2024-04-17 18:43:55, Last Digit: 9
2024-04-17 18:43:56,398 - INFO - Received real-time data - Price: 189456.81, Epoch Time: 1713379436, Formatted Time: 2024-04-17 18:43:56, Last Digit: 1
2024-04-17 18:43:57,287 - INFO - Received real-time data - Price: 189433.23, Epoch Time: 1713379437, Formatted Time: 2024-04-17 18:43:57, Last Digit: 3
2024-04-17 18:43:58,380 - INFO - Received real-time data - Price: 189423.07, Epoch Time: 1713379438, Formatted Time: 2024-04-17 18:43:58, Last Digit: 7
2024-04-17 18:43:59,292 - INFO - Received real-time data - Price: 189414.92, Epoch Time: 1713379439, Formatted Time: 2024-04-17 18:43:59, Last Digit: 2
2024-04-17 18:44:00,342 - INFO - Received real-time data - Price: 189418.27, Epoch Time: 1713379440, Formatted Time: 2024-04-17 18:44:00, Last Digit: 7
2024-04-17 18:44:01,304 - INFO - Received real-time data - Price: 189412.65, Epoch Time: 1713379441, Formatted Time: 2024-04-17 18:44:01, Last Digit: 5
2024-04-17 18:44:02,365 - INFO - Received real-time data - Price: 189404.76, Epoch Time: 1713379442, Formatted Time: 2024-04-17 18:44:02, Last Digit: 6
2024-04-17 18:44:03,303 - INFO - Received real-time data - Price: 189379.63, Epoch Time: 1713379443, Formatted Time: 2024-04-17 18:44:03, Last Digit: 3
2024-04-17 18:44:04,417 - INFO - Received real-time data - Price: 189404.2, Epoch Time: 1713379444, Formatted Time: 2024-04-17 18:44:04, Last Digit: 2
2024-04-17 18:44:05,293 - INFO - Received real-time data - Price: 189422.36, Epoch Time: 1713379445, Formatted Time: 2024-04-17 18:44:05, Last Digit: 6
2024-04-17 18:44:06,390 - INFO - Received real-time data - Price: 189406.79, Epoch Time: 1713379446, Formatted Time: 2024-04-17 18:44:06, Last Digit: 9
2024-04-17 18:44:07,295 - INFO - Received real-time data - Price: 189414.92, Epoch Time: 1713379447, Formatted Time: 2024-04-17 18:44:07, Last Digit: 2
2024-04-17 18:44:08,353 - INFO - Received real-time data - Price: 189436.8, Epoch Time: 1713379448, Formatted Time: 2024-04-17 18:44:08, Last Digit: 8
2024-04-17 18:44:09,293 - INFO - Received real-time data - Price: 189455.87, Epoch Time: 1713379449, Formatted Time: 2024-04-17 18:44:09, Last Digit: 7
2024-04-17 18:44:10,378 - INFO - Received real-time data - Price: 189457.74, Epoch Time: 1713379450, Formatted Time: 2024-04-17 18:44:10, Last Digit: 4
2024-04-17 18:44:11,321 - INFO - Received real-time data - Price: 189465.37, Epoch Time: 1713379451, Formatted Time: 2024-04-17 18:44:11, Last Digit: 7
2024-04-17 18:44:12,330 - INFO - Received real-time data - Price: 189470.6, Epoch Time: 1713379452, Formatted Time: 2024-04-17 18:44:12, Last Digit: 6
2024-04-17 18:44:13,296 - INFO - Received real-time data - Price: 189466.58, Epoch Time: 1713379453, Formatted Time: 2024-04-17 18:44:13, Last Digit: 8
2024-04-17 18:44:14,421 - INFO - Received real-time data - Price: 189471.62, Epoch Time: 1713379454, Formatted Time: 2024-04-17 18:44:14, Last Digit: 2
2024-04-17 18:44:15,308 - INFO - Received real-time data - Price: 189458.5, Epoch Time: 1713379455, Formatted Time: 2024-04-17 18:44:15, Last Digit: 5
2024-04-17 18:44:16,376 - INFO - Received real-time data - Price: 189506.12, Epoch Time: 1713379456, Formatted Time: 2024-04-17 18:44:16, Last Digit: 2
2024-04-17 18:44:17,289 - INFO - Received real-time data - Price: 189534.17, Epoch Time: 1713379457, Formatted Time: 2024-04-17 18:44:17, Last Digit: 7
2024-04-17 18:44:18,353 - INFO - Received real-time data - Price: 189547.33, Epoch Time: 1713379458, Formatted Time: 2024-04-17 18:44:18, Last Digit: 3
2024-04-17 18:44:19,305 - INFO - Received real-time data - Price: 189510.82, Epoch Time: 1713379459, Formatted Time: 2024-04-17 18:44:19, Last Digit: 2
2024-04-17 18:44:20,361 - INFO - Received real-time data - Price: 189513.01, Epoch Time: 1713379460, Formatted Time: 2024-04-17 18:44:20, Last Digit: 1
2024-04-17 18:44:21,294 - INFO - Received real-time data - Price: 189514.56, Epoch Time: 1713379461, Formatted Time: 2024-04-17 18:44:21, Last Digit: 6
2024-04-17 18:44:22,355 - INFO - Received real-time data - Price: 189505.77, Epoch Time: 1713379462, Formatted Time: 2024-04-17 18:44:22, Last Digit: 7
2024-04-17 18:44:23,288 - INFO - Received real-time data - Price: 189507.96, Epoch Time: 1713379463, Formatted Time: 2024-04-17 18:44:23, Last Digit: 6
2024-04-17 18:44:24,368 - INFO - Received real-time data - Price: 189502, Epoch Time: 1713379464, Formatted Time: 2024-04-17 18:44:24, Last Digit: 2
2024-04-17 18:44:25,356 - INFO - Received real-time data - Price: 189493.48, Epoch Time: 1713379465, Formatted Time: 2024-04-17 18:44:25, Last Digit: 8
2024-04-17 18:44:26,349 - INFO - Received real-time data - Price: 189479.25, Epoch Time: 1713379466, Formatted Time: 2024-04-17 18:44:26, Last Digit: 5
2024-04-17 18:44:27,305 - INFO - Received real-time data - Price: 189497.4, Epoch Time: 1713379467, Formatted Time: 2024-04-17 18:44:27, Last Digit: 4
2024-04-17 18:44:28,342 - INFO - Received real-time data - Price: 189507.43, Epoch Time: 1713379468, Formatted Time: 2024-04-17 18:44:28, Last Digit: 3
2024-04-17 18:44:29,290 - INFO - Received real-time data - Price: 189493.18, Epoch Time: 1713379469, Formatted Time: 2024-04-17 18:44:29, Last Digit: 8
2024-04-17 18:44:30,342 - INFO - Received real-time data - Price: 189499.16, Epoch Time: 1713379470, Formatted Time: 2024-04-17 18:44:30, Last Digit: 6
2024-04-17 18:44:31,383 - INFO - Received real-time data - Price: 189510.85, Epoch Time: 1713379471, Formatted Time: 2024-04-17 18:44:31, Last Digit: 5
2024-04-17 18:44:32,344 - INFO - Received real-time data - Price: 189515.73, Epoch Time: 1713379472, Formatted Time: 2024-04-17 18:44:32, Last Digit: 3
2024-04-17 18:44:33,296 - INFO - Received real-time data - Price: 189537.12, Epoch Time: 1713379473, Formatted Time: 2024-04-17 18:44:33, Last Digit: 2
2024-04-17 18:44:34,369 - INFO - Received real-time data - Price: 189531.62, Epoch Time: 1713379474, Formatted Time: 2024-04-17 18:44:34, Last Digit: 2
2024-04-17 18:44:35,313 - INFO - Received real-time data - Price: 189514.63, Epoch Time: 1713379475, Formatted Time: 2024-04-17 18:44:35, Last Digit: 3
2024-04-17 18:44:36,368 - INFO - Received real-time data - Price: 189524.22, Epoch Time: 1713379476, Formatted Time: 2024-04-17 18:44:36, Last Digit: 2
2024-04-17 18:44:37,298 - INFO - Received real-time data - Price: 189521.95, Epoch Time: 1713379477, Formatted Time: 2024-04-17 18:44:37, Last Digit: 5
2024-04-17 18:44:38,359 - INFO - Received real-time data - Price: 189530.2, Epoch Time: 1713379478, Formatted Time: 2024-04-17 18:44:38, Last Digit: 2
2024-04-17 18:44:39,291 - INFO - Received real-time data - Price: 189535.05, Epoch Time: 1713379479, Formatted Time: 2024-04-17 18:44:39, Last Digit: 5
2024-04-17 18:44:40,403 - INFO - Received real-time data - Price: 189559.42, Epoch Time: 1713379480, Formatted Time: 2024-04-17 18:44:40, Last Digit: 2
2024-04-17 18:44:41,307 - INFO - Received real-time data - Price: 189519.37, Epoch Time: 1713379481, Formatted Time: 2024-04-17 18:44:41, Last Digit: 7
2024-04-17 18:44:42,374 - INFO - Received real-time data - Price: 189576.08, Epoch Time: 1713379482, Formatted Time: 2024-04-17 18:44:42, Last Digit: 8
2024-04-17 18:44:43,286 - INFO - Received real-time data - Price: 189562.84, Epoch Time: 1713379483, Formatted Time: 2024-04-17 18:44:43, Last Digit: 4
2024-04-17 18:44:44,352 - INFO - Received real-time data - Price: 189572.22, Epoch Time: 1713379484, Formatted Time: 2024-04-17 18:44:44, Last Digit: 2
2024-04-17 18:44:45,365 - INFO - Received real-time data - Price: 189578.55, Epoch Time: 1713379485, Formatted Time: 2024-04-17 18:44:45, Last Digit: 5
2024-04-17 18:44:46,349 - INFO - Received real-time data - Price: 189580.04, Epoch Time: 1713379486, Formatted Time: 2024-04-17 18:44:46, Last Digit: 4
2024-04-17 18:44:47,296 - INFO - Received real-time data - Price: 189579.52, Epoch Time: 1713379487, Formatted Time: 2024-04-17 18:44:47, Last Digit: 2
2024-04-17 18:44:48,345 - INFO - Received real-time data - Price: 189608.97, Epoch Time: 1713379488, Formatted Time: 2024-04-17 18:44:48, Last Digit: 7
2024-04-17 18:44:49,298 - INFO - Received real-time data - Price: 189598.48, Epoch Time: 1713379489, Formatted Time: 2024-04-17 18:44:49, Last Digit: 8
2024-04-17 18:44:50,371 - INFO - Received real-time data - Price: 189599.73, Epoch Time: 1713379490, Formatted Time: 2024-04-17 18:44:50, Last Digit: 3
2024-04-17 18:44:51,290 - INFO - Received real-time data - Price: 189594.8, Epoch Time: 1713379491, Formatted Time: 2024-04-17 18:44:51, Last Digit: 8
2024-04-17 18:44:52,361 - INFO - Received real-time data - Price: 189597.86, Epoch Time: 1713379492, Formatted Time: 2024-04-17 18:44:52, Last Digit: 6
2024-04-17 18:44:53,295 - INFO - Received real-time data - Price: 189600.33, Epoch Time: 1713379493, Formatted Time: 2024-04-17 18:44:53, Last Digit: 3
2024-04-17 18:44:54,356 - INFO - Received real-time data - Price: 189604.35, Epoch Time: 1713379494, Formatted Time: 2024-04-17 18:44:54, Last Digit: 5
2024-04-17 18:44:55,292 - INFO - Received real-time data - Price: 189596.09, Epoch Time: 1713379495, Formatted Time: 2024-04-17 18:44:55, Last Digit: 9
2024-04-17 18:44:56,383 - INFO - Received real-time data - Price: 189603.06, Epoch Time: 1713379496, Formatted Time: 2024-04-17 18:44:56, Last Digit: 6
2024-04-17 18:44:57,288 - INFO - Received real-time data - Price: 189592.53, Epoch Time: 1713379497, Formatted Time: 2024-04-17 18:44:57, Last Digit: 3
2024-04-17 18:44:58,384 - INFO - Received real-time data - Price: 189582.13, Epoch Time: 1713379498, Formatted Time: 2024-04-17 18:44:58, Last Digit: 3
2024-04-17 18:44:59,300 - INFO - Received real-time data - Price: 189593.44, Epoch Time: 1713379499, Formatted Time: 2024-04-17 18:44:59, Last Digit: 4
2024-04-17 18:45:00,360 - INFO - Received real-time data - Price: 189607.14, Epoch Time: 1713379500, Formatted Time: 2024-04-17 18:45:00, Last Digit: 4
2024-04-17 18:45:01,312 - INFO - Received real-time data - Price: 189599.05, Epoch Time: 1713379501, Formatted Time: 2024-04-17 18:45:01, Last Digit: 5
2024-04-17 18:45:02,366 - INFO - Received real-time data - Price: 189578.62, Epoch Time: 1713379502, Formatted Time: 2024-04-17 18:45:02, Last Digit: 2
2024-04-17 18:45:03,286 - INFO - Received real-time data - Price: 189583.37, Epoch Time: 1713379503, Formatted Time: 2024-04-17 18:45:03, Last Digit: 7
2024-04-17 18:45:04,352 - INFO - Received real-time data - Price: 189598.44, Epoch Time: 1713379504, Formatted Time: 2024-04-17 18:45:04, Last Digit: 4
2024-04-17 18:45:05,302 - INFO - Received real-time data - Price: 189600.11, Epoch Time: 1713379505, Formatted Time: 2024-04-17 18:45:05, Last Digit: 1
2024-04-17 18:45:06,378 - INFO - Received real-time data - Price: 189619, Epoch Time: 1713379506, Formatted Time: 2024-04-17 18:45:06, Last Digit: 9
2024-04-17 18:45:07,298 - INFO - Received real-time data - Price: 189630.66, Epoch Time: 1713379507, Formatted Time: 2024-04-17 18:45:07, Last Digit: 6
2024-04-17 18:45:08,349 - INFO - Received real-time data - Price: 189625.25, Epoch Time: 1713379508, Formatted Time: 2024-04-17 18:45:08, Last Digit: 5
2024-04-17 18:45:09,312 - INFO - Received real-time data - Price: 189650.16, Epoch Time: 1713379509, Formatted Time: 2024-04-17 18:45:09, Last Digit: 6
2024-04-17 18:45:10,379 - INFO - Received real-time data - Price: 189647.71, Epoch Time: 1713379510, Formatted Time: 2024-04-17 18:45:10, Last Digit: 1
2024-04-17 18:45:11,296 - INFO - Received real-time data - Price: 189636.79, Epoch Time: 1713379511, Formatted Time: 2024-04-17 18:45:11, Last Digit: 9
2024-04-17 18:45:12,354 - INFO - Received real-time data - Price: 189628.91, Epoch Time: 1713379512, Formatted Time: 2024-04-17 18:45:12, Last Digit: 1
2024-04-17 18:45:13,309 - INFO - Received real-time data - Price: 189632.43, Epoch Time: 1713379513, Formatted Time: 2024-04-17 18:45:13, Last Digit: 3
2024-04-17 18:45:14,376 - INFO - Received real-time data - Price: 189644.88, Epoch Time: 1713379514, Formatted Time: 2024-04-17 18:45:14, Last Digit: 8
2024-04-17 18:45:15,298 - INFO - Received real-time data - Price: 189630.45, Epoch Time: 1713379515, Formatted Time: 2024-04-17 18:45:15, Last Digit: 5
2024-04-17 18:45:16,339 - INFO - Received real-time data - Price: 189642.94, Epoch Time: 1713379516, Formatted Time: 2024-04-17 18:45:16, Last Digit: 4
2024-04-17 18:45:17,305 - INFO - Received real-time data - Price: 189672.56, Epoch Time: 1713379517, Formatted Time: 2024-04-17 18:45:17, Last Digit: 6
2024-04-17 18:45:18,367 - INFO - Received real-time data - Price: 189696.09, Epoch Time: 1713379518, Formatted Time: 2024-04-17 18:45:18, Last Digit: 9
2024-04-17 18:45:19,303 - INFO - Received real-time data - Price: 189695.6, Epoch Time: 1713379519, Formatted Time: 2024-04-17 18:45:19, Last Digit: 6
2024-04-17 18:45:20,384 - INFO - Received real-time data - Price: 189698.18, Epoch Time: 1713379520, Formatted Time: 2024-04-17 18:45:20, Last Digit: 8
2024-04-17 18:45:21,296 - INFO - Received real-time data - Price: 189689.05, Epoch Time: 1713379521, Formatted Time: 2024-04-17 18:45:21, Last Digit: 5
2024-04-17 18:45:22,398 - INFO - Received real-time data - Price: 189714.78, Epoch Time: 1713379522, Formatted Time: 2024-04-17 18:45:22, Last Digit: 8
2024-04-17 18:45:23,312 - INFO - Received real-time data - Price: 189712.4, Epoch Time: 1713379523, Formatted Time: 2024-04-17 18:45:23, Last Digit: 4
2024-04-17 18:45:24,345 - INFO - Received real-time data - Price: 189731.22, Epoch Time: 1713379524, Formatted Time: 2024-04-17 18:45:24, Last Digit: 2
2024-04-17 18:45:25,303 - INFO - Received real-time data - Price: 189737.22, Epoch Time: 1713379525, Formatted Time: 2024-04-17 18:45:25, Last Digit: 2
2024-04-17 18:45:26,345 - INFO - Received real-time data - Price: 189729.31, Epoch Time: 1713379526, Formatted Time: 2024-04-17 18:45:26, Last Digit: 1
2024-04-17 18:45:27,303 - INFO - Received real-time data - Price: 189704.83, Epoch Time: 1713379527, Formatted Time: 2024-04-17 18:45:27, Last Digit: 3
2024-04-17 18:45:28,343 - INFO - Received real-time data - Price: 189694.14, Epoch Time: 1713379528, Formatted Time: 2024-04-17 18:45:28, Last Digit: 4
2024-04-17 18:45:29,289 - INFO - Received real-time data - Price: 189692.29, Epoch Time: 1713379529, Formatted Time: 2024-04-17 18:45:29, Last Digit: 9
2024-04-17 18:45:30,324 - INFO - Received real-time data - Price: 189693.77, Epoch Time: 1713379530, Formatted Time: 2024-04-17 18:45:30, Last Digit: 7
2024-04-17 18:45:31,294 - INFO - Received real-time data - Price: 189694.89, Epoch Time: 1713379531, Formatted Time: 2024-04-17 18:45:31, Last Digit: 9
2024-04-17 18:45:32,364 - INFO - Received real-time data - Price: 189707.3, Epoch Time: 1713379532, Formatted Time: 2024-04-17 18:45:32, Last Digit: 3
2024-04-17 18:45:33,288 - INFO - Received real-time data - Price: 189696.74, Epoch Time: 1713379533, Formatted Time: 2024-04-17 18:45:33, Last Digit: 4
2024-04-17 18:45:34,340 - INFO - Received real-time data - Price: 189698.68, Epoch Time: 1713379534, Formatted Time: 2024-04-17 18:45:34, Last Digit: 8
